user31‣SSVALUE: 100.00
SSVALUE.cpp
Dịch thành công

user31‣SSVALUE‣Test00z: 0.00
Thời gian ≈ 0.019683974 giây
PASSED!
user31‣SSVALUE‣Test01a: 2.50
Thời gian ≈ 0.016160809 giây
PASSED!
user31‣SSVALUE‣Test01b: 2.50
Thời gian ≈ 0.016518341 giây
PASSED!
user31‣SSVALUE‣Test01c: 2.50
Thời gian ≈ 0.015433895 giây
PASSED!
user31‣SSVALUE‣Test01y: 2.50
Thời gian ≈ 0.015732562 giây
PASSED!
user31‣SSVALUE‣Test02a: 2.50
Thời gian ≈ 0.015622340 giây
PASSED!
user31‣SSVALUE‣Test02b: 2.50
Thời gian ≈ 0.016485155 giây
PASSED!
user31‣SSVALUE‣Test02c: 2.50
Thời gian ≈ 0.020727728 giây
PASSED!
user31‣SSVALUE‣Test02y: 2.50
Thời gian ≈ 0.016035575 giây
PASSED!
user31‣SSVALUE‣Test03a: 2.50
Thời gian ≈ 0.016114982 giây
PASSED!
user31‣SSVALUE‣Test03b: 2.50
Thời gian ≈ 0.015825401 giây
PASSED!
user31‣SSVALUE‣Test03c: 2.50
Thời gian ≈ 0.083109629 giây
PASSED!
user31‣SSVALUE‣Test03y: 2.50
Thời gian ≈ 0.016433007 giây
PASSED!
user31‣SSVALUE‣Test04a: 2.50
Thời gian ≈ 0.056912265 giây
PASSED!
user31‣SSVALUE‣Test04b: 2.50
Thời gian ≈ 0.055642535 giây
PASSED!
user31‣SSVALUE‣Test04c: 2.50
Thời gian ≈ 0.063385754 giây
PASSED!
user31‣SSVALUE‣Test04y: 2.50
Thời gian ≈ 3.504986673 giây
PASSED!
user31‣SSVALUE‣Test05a: 2.50
Thời gian ≈ 0.095539076 giây
PASSED!
user31‣SSVALUE‣Test05b: 2.50
Thời gian ≈ 0.096649596 giây
PASSED!
user31‣SSVALUE‣Test05c: 2.50
Thời gian ≈ 0.350800613 giây
PASSED!
user31‣SSVALUE‣Test06a: 2.50
Thời gian ≈ 0.304966287 giây
PASSED!
user31‣SSVALUE‣Test06b: 2.50
Thời gian ≈ 1.386300112 giây
PASSED!
user31‣SSVALUE‣Test06c: 2.50
Thời gian ≈ 0.676557049 giây
PASSED!
user31‣SSVALUE‣Test07a: 2.50
Thời gian ≈ 0.263812263 giây
PASSED!
user31‣SSVALUE‣Test07b: 2.50
Thời gian ≈ 0.330889084 giây
PASSED!
user31‣SSVALUE‣Test07c: 2.50
Thời gian ≈ 0.678633101 giây
PASSED!
user31‣SSVALUE‣Test08a: 2.50
Thời gian ≈ 1.086552596 giây
PASSED!
user31‣SSVALUE‣Test08b: 2.50
Thời gian ≈ 0.997456590 giây
PASSED!
user31‣SSVALUE‣Test08c: 2.50
Thời gian ≈ 1.453763303 giây
PASSED!
user31‣SSVALUE‣Test09a: 2.50
Thời gian ≈ 2.313357803 giây
PASSED!
user31‣SSVALUE‣Test09b: 2.50
Thời gian ≈ 2.149799289 giây
PASSED!
user31‣SSVALUE‣Test09c: 2.50
Thời gian ≈ 2.512261743 giây
PASSED!
user31‣SSVALUE‣Test10a: 2.50
Thời gian ≈ 1.814428225 giây
PASSED!
user31‣SSVALUE‣Test10b: 2.50
Thời gian ≈ 2.508921887 giây
PASSED!
user31‣SSVALUE‣Test10c: 2.50
Thời gian ≈ 2.692080228 giây
PASSED!
user31‣SSVALUE‣Test11a: 2.50
Thời gian ≈ 3.578444537 giây
PASSED!
user31‣SSVALUE‣Test11b: 2.50
Thời gian ≈ 3.449563792 giây
PASSED!
user31‣SSVALUE‣Test11c: 2.50
Thời gian ≈ 3.332225184 giây
PASSED!
user31‣SSVALUE‣Test12a: 2.50
Thời gian ≈ 3.536944044 giây
PASSED!
user31‣SSVALUE‣Test12b: 2.50
Thời gian ≈ 3.567169857 giây
PASSED!
user31‣SSVALUE‣Test12c: 2.50
Thời gian ≈ 3.675359220 giây
PASSED!
