user00‣PERIOD: 100.00
PERIOD.cpp
Dịch thành công

user00‣PERIOD‣test01: 6.00
Thời gian ≈ 0.015563475 giây
Kết quả khớp đáp án!
user00‣PERIOD‣test02: 6.00
Thời gian ≈ 0.017301354 giây
Kết quả khớp đáp án!
user00‣PERIOD‣test03: 6.00
Thời gian ≈ 0.017247625 giây
Kết quả khớp đáp án!
user00‣PERIOD‣test04: 6.00
Thời gian ≈ 0.015757056 giây
Kết quả khớp đáp án!
user00‣PERIOD‣test05: 6.00
Thời gian ≈ 0.016288019 giây
Kết quả khớp đáp án!
user00‣PERIOD‣test06: 5.00
Thời gian ≈ 0.016409698 giây
Kết quả khớp đáp án!
user00‣PERIOD‣test07: 5.00
Thời gian ≈ 0.015949056 giây
Kết quả khớp đáp án!
user00‣PERIOD‣test08: 5.00
Thời gian ≈ 0.017976910 giây
Kết quả khớp đáp án!
user00‣PERIOD‣test09: 5.00
Thời gian ≈ 0.738496085 giây
Kết quả khớp đáp án!
user00‣PERIOD‣test10: 5.00
Thời gian ≈ 0.380943859 giây
Kết quả khớp đáp án!
user00‣PERIOD‣test11: 5.00
Thời gian ≈ 0.751138866 giây
Kết quả khớp đáp án!
user00‣PERIOD‣test12: 5.00
Thời gian ≈ 0.065791683 giây
Kết quả khớp đáp án!
user00‣PERIOD‣test13: 5.00
Thời gian ≈ 0.163584589 giây
Kết quả khớp đáp án!
user00‣PERIOD‣test14: 5.00
Thời gian ≈ 0.332162369 giây
Kết quả khớp đáp án!
user00‣PERIOD‣test15: 5.00
Thời gian ≈ 0.511434088 giây
Kết quả khớp đáp án!
user00‣PERIOD‣test16: 5.00
Thời gian ≈ 0.082615407 giây
Kết quả khớp đáp án!
user00‣PERIOD‣test17: 5.00
Thời gian ≈ 0.187477556 giây
Kết quả khớp đáp án!
user00‣PERIOD‣test18: 5.00
Thời gian ≈ 0.346522485 giây
Kết quả khớp đáp án!
user00‣PERIOD‣test19: 5.00
Thời gian ≈ 0.512874089 giây
Kết quả khớp đáp án!
