user55‣SSVALUE: 100.00
SSVALUE.cpp
Dịch thành công

user55‣SSVALUE‣Test00z: 0.00
Thời gian ≈ 0.017174144 giây
PASSED!
user55‣SSVALUE‣Test01a: 2.50
Thời gian ≈ 0.016057303 giây
PASSED!
user55‣SSVALUE‣Test01b: 2.50
Thời gian ≈ 0.016786983 giây
PASSED!
user55‣SSVALUE‣Test01c: 2.50
Thời gian ≈ 0.016476069 giây
PASSED!
user55‣SSVALUE‣Test01y: 2.50
Thời gian ≈ 0.015989352 giây
PASSED!
user55‣SSVALUE‣Test02a: 2.50
Thời gian ≈ 0.016525057 giây
PASSED!
user55‣SSVALUE‣Test02b: 2.50
Thời gian ≈ 0.016109451 giây
PASSED!
user55‣SSVALUE‣Test02c: 2.50
Thời gian ≈ 0.020376518 giây
PASSED!
user55‣SSVALUE‣Test02y: 2.50
Thời gian ≈ 0.016671625 giây
PASSED!
user55‣SSVALUE‣Test03a: 2.50
Thời gian ≈ 0.016195970 giây
PASSED!
user55‣SSVALUE‣Test03b: 2.50
Thời gian ≈ 0.017924762 giây
PASSED!
user55‣SSVALUE‣Test03c: 2.50
Thời gian ≈ 0.103772172 giây
PASSED!
user55‣SSVALUE‣Test03y: 2.50
Thời gian ≈ 0.016001994 giây
PASSED!
user55‣SSVALUE‣Test04a: 2.50
Thời gian ≈ 0.053132310 giây
PASSED!
user55‣SSVALUE‣Test04b: 2.50
Thời gian ≈ 0.054222286 giây
PASSED!
user55‣SSVALUE‣Test04c: 2.50
Thời gian ≈ 0.062844914 giây
PASSED!
user55‣SSVALUE‣Test04y: 2.50
Thời gian ≈ 3.564976867 giây
PASSED!
user55‣SSVALUE‣Test05a: 2.50
Thời gian ≈ 0.119544636 giây
PASSED!
user55‣SSVALUE‣Test05b: 2.50
Thời gian ≈ 0.097175819 giây
PASSED!
user55‣SSVALUE‣Test05c: 2.50
Thời gian ≈ 0.362891887 giây
PASSED!
user55‣SSVALUE‣Test06a: 2.50
Thời gian ≈ 0.307631377 giây
PASSED!
user55‣SSVALUE‣Test06b: 2.50
Thời gian ≈ 1.363451690 giây
PASSED!
user55‣SSVALUE‣Test06c: 2.50
Thời gian ≈ 0.686173653 giây
PASSED!
user55‣SSVALUE‣Test07a: 2.50
Thời gian ≈ 0.279242207 giây
PASSED!
user55‣SSVALUE‣Test07b: 2.50
Thời gian ≈ 0.337206128 giây
PASSED!
user55‣SSVALUE‣Test07c: 2.50
Thời gian ≈ 0.693763588 giây
PASSED!
user55‣SSVALUE‣Test08a: 2.50
Thời gian ≈ 1.050241245 giây
PASSED!
user55‣SSVALUE‣Test08b: 2.50
Thời gian ≈ 1.018503923 giây
PASSED!
user55‣SSVALUE‣Test08c: 2.50
Thời gian ≈ 1.380564204 giây
PASSED!
user55‣SSVALUE‣Test09a: 2.50
Thời gian ≈ 2.111058700 giây
PASSED!
user55‣SSVALUE‣Test09b: 2.50
Thời gian ≈ 2.278753911 giây
PASSED!
user55‣SSVALUE‣Test09c: 2.50
Thời gian ≈ 2.402660033 giây
PASSED!
user55‣SSVALUE‣Test10a: 2.50
Thời gian ≈ 1.785286462 giây
PASSED!
user55‣SSVALUE‣Test10b: 2.50
Thời gian ≈ 2.668644348 giây
PASSED!
user55‣SSVALUE‣Test10c: 2.50
Thời gian ≈ 2.696184529 giây
PASSED!
user55‣SSVALUE‣Test11a: 2.50
Thời gian ≈ 3.676939074 giây
PASSED!
user55‣SSVALUE‣Test11b: 2.50
Thời gian ≈ 3.462732400 giây
PASSED!
user55‣SSVALUE‣Test11c: 2.50
Thời gian ≈ 3.329069822 giây
PASSED!
user55‣SSVALUE‣Test12a: 2.50
Thời gian ≈ 3.582958518 giây
PASSED!
user55‣SSVALUE‣Test12b: 2.50
Thời gian ≈ 3.588527315 giây
PASSED!
user55‣SSVALUE‣Test12c: 2.50
Thời gian ≈ 3.611922503 giây
PASSED!
