user09‣SSVALUE: 100.00
SSVALUE.cpp
Dịch thành công

user09‣SSVALUE‣Test00z: 0.00
Thời gian ≈ 0.033062360 giây
PASSED!
user09‣SSVALUE‣Test01a: 2.50
Thời gian ≈ 0.032971101 giây
PASSED!
user09‣SSVALUE‣Test01b: 2.50
Thời gian ≈ 0.032957669 giây
PASSED!
user09‣SSVALUE‣Test01c: 2.50
Thời gian ≈ 0.032528631 giây
PASSED!
user09‣SSVALUE‣Test01y: 2.50
Thời gian ≈ 0.033247644 giây
PASSED!
user09‣SSVALUE‣Test02a: 2.50
Thời gian ≈ 0.034545819 giây
PASSED!
user09‣SSVALUE‣Test02b: 2.50
Thời gian ≈ 0.033359842 giây
PASSED!
user09‣SSVALUE‣Test02c: 2.50
Thời gian ≈ 0.034437967 giây
PASSED!
user09‣SSVALUE‣Test02y: 2.50
Thời gian ≈ 0.032407742 giây
PASSED!
user09‣SSVALUE‣Test03a: 2.50
Thời gian ≈ 0.031922211 giây
PASSED!
user09‣SSVALUE‣Test03b: 2.50
Thời gian ≈ 0.032288038 giây
PASSED!
user09‣SSVALUE‣Test03c: 2.50
Thời gian ≈ 0.073963940 giây
PASSED!
user09‣SSVALUE‣Test03y: 2.50
Thời gian ≈ 0.033551447 giây
PASSED!
user09‣SSVALUE‣Test04a: 2.50
Thời gian ≈ 0.054079669 giây
PASSED!
user09‣SSVALUE‣Test04b: 2.50
Thời gian ≈ 0.062991482 giây
PASSED!
user09‣SSVALUE‣Test04c: 2.50
Thời gian ≈ 0.071851147 giây
PASSED!
user09‣SSVALUE‣Test04y: 2.50
Thời gian ≈ 1.759537888 giây
PASSED!
user09‣SSVALUE‣Test05a: 2.50
Thời gian ≈ 0.078566414 giây
PASSED!
user09‣SSVALUE‣Test05b: 2.50
Thời gian ≈ 0.077594166 giây
PASSED!
user09‣SSVALUE‣Test05c: 2.50
Thời gian ≈ 0.196874110 giây
PASSED!
user09‣SSVALUE‣Test06a: 2.50
Thời gian ≈ 0.181206733 giây
PASSED!
user09‣SSVALUE‣Test06b: 2.50
Thời gian ≈ 0.682458093 giây
PASSED!
user09‣SSVALUE‣Test06c: 2.50
Thời gian ≈ 0.356934744 giây
PASSED!
user09‣SSVALUE‣Test07a: 2.50
Thời gian ≈ 0.196844085 giây
PASSED!
user09‣SSVALUE‣Test07b: 2.50
Thời gian ≈ 0.164344294 giây
PASSED!
user09‣SSVALUE‣Test07c: 2.50
Thời gian ≈ 0.351570985 giây
PASSED!
user09‣SSVALUE‣Test08a: 2.50
Thời gian ≈ 0.539665232 giây
PASSED!
user09‣SSVALUE‣Test08b: 2.50
Thời gian ≈ 0.482626547 giây
PASSED!
user09‣SSVALUE‣Test08c: 2.50
Thời gian ≈ 0.677144111 giây
PASSED!
user09‣SSVALUE‣Test09a: 2.50
Thời gian ≈ 1.143277997 giây
PASSED!
user09‣SSVALUE‣Test09b: 2.50
Thời gian ≈ 1.060769652 giây
PASSED!
user09‣SSVALUE‣Test09c: 2.50
Thời gian ≈ 1.156512185 giây
PASSED!
user09‣SSVALUE‣Test10a: 2.50
Thời gian ≈ 0.936512715 giây
PASSED!
user09‣SSVALUE‣Test10b: 2.50
Thời gian ≈ 1.276210500 giây
PASSED!
user09‣SSVALUE‣Test10c: 2.50
Thời gian ≈ 1.246437428 giây
PASSED!
user09‣SSVALUE‣Test11a: 2.50
Thời gian ≈ 1.816272770 giây
PASSED!
user09‣SSVALUE‣Test11b: 2.50
Thời gian ≈ 1.707762617 giây
PASSED!
user09‣SSVALUE‣Test11c: 2.50
Thời gian ≈ 1.505106771 giây
PASSED!
user09‣SSVALUE‣Test12a: 2.50
Thời gian ≈ 1.822444827 giây
PASSED!
user09‣SSVALUE‣Test12b: 2.50
Thời gian ≈ 1.813904372 giây
PASSED!
user09‣SSVALUE‣Test12c: 2.50
Thời gian ≈ 1.657398508 giây
PASSED!
