user28‣ssvalue: 95.00
ssvalue.cpp
Dịch thành công

user28‣ssvalue‣Test00z: 0.00
Thời gian ≈ 0.037841428 giây
PASSED!
user28‣ssvalue‣Test01a: 2.50
Thời gian ≈ 0.036444093 giây
PASSED!
user28‣ssvalue‣Test01b: 2.50
Thời gian ≈ 0.037109377 giây
PASSED!
user28‣ssvalue‣Test01c: 0.00
Thời gian ≈ 0.036022166 giây
Wrong: ANS[2] vs. OUT[-1]!
user28‣ssvalue‣Test01y: 2.50
Thời gian ≈ 0.035619598 giây
PASSED!
user28‣ssvalue‣Test02a: 0.00
Thời gian ≈ 0.038418218 giây
Wrong: ANS[15] vs. OUT[-1]!
user28‣ssvalue‣Test02b: 2.50
Thời gian ≈ 0.033383546 giây
PASSED!
user28‣ssvalue‣Test02c: 2.50
Thời gian ≈ 0.037747008 giây
PASSED!
user28‣ssvalue‣Test02y: 2.50
Thời gian ≈ 0.038250317 giây
PASSED!
user28‣ssvalue‣Test03a: 2.50
Thời gian ≈ 0.036567747 giây
PASSED!
user28‣ssvalue‣Test03b: 2.50
Thời gian ≈ 0.037176538 giây
PASSED!
user28‣ssvalue‣Test03c: 2.50
Thời gian ≈ 0.088991315 giây
PASSED!
user28‣ssvalue‣Test03y: 2.50
Thời gian ≈ 0.038396095 giây
PASSED!
user28‣ssvalue‣Test04a: 2.50
Thời gian ≈ 0.065268226 giây
PASSED!
user28‣ssvalue‣Test04b: 2.50
Thời gian ≈ 0.075005323 giây
PASSED!
user28‣ssvalue‣Test04c: 2.50
Thời gian ≈ 0.073844631 giây
PASSED!
user28‣ssvalue‣Test04y: 2.50
Thời gian ≈ 2.345093545 giây
PASSED!
user28‣ssvalue‣Test05a: 2.50
Thời gian ≈ 0.096158139 giây
PASSED!
user28‣ssvalue‣Test05b: 2.50
Thời gian ≈ 0.085845040 giây
PASSED!
user28‣ssvalue‣Test05c: 2.50
Thời gian ≈ 0.245522069 giây
PASSED!
user28‣ssvalue‣Test06a: 2.50
Thời gian ≈ 0.222034041 giây
PASSED!
user28‣ssvalue‣Test06b: 2.50
Thời gian ≈ 0.899879388 giây
PASSED!
user28‣ssvalue‣Test06c: 2.50
Thời gian ≈ 0.448473420 giây
PASSED!
user28‣ssvalue‣Test07a: 2.50
Thời gian ≈ 0.198875495 giây
PASSED!
user28‣ssvalue‣Test07b: 2.50
Thời gian ≈ 0.224471970 giây
PASSED!
user28‣ssvalue‣Test07c: 2.50
Thời gian ≈ 0.456862566 giây
PASSED!
user28‣ssvalue‣Test08a: 2.50
Thời gian ≈ 0.698584532 giây
PASSED!
user28‣ssvalue‣Test08b: 2.50
Thời gian ≈ 0.657737471 giây
PASSED!
user28‣ssvalue‣Test08c: 2.50
Thời gian ≈ 0.894454788 giây
PASSED!
user28‣ssvalue‣Test09a: 2.50
Thời gian ≈ 1.499378370 giây
PASSED!
user28‣ssvalue‣Test09b: 2.50
Thời gian ≈ 1.374848444 giây
PASSED!
user28‣ssvalue‣Test09c: 2.50
Thời gian ≈ 1.619988488 giây
PASSED!
user28‣ssvalue‣Test10a: 2.50
Thời gian ≈ 1.196641023 giây
PASSED!
user28‣ssvalue‣Test10b: 2.50
Thời gian ≈ 1.670395264 giây
PASSED!
user28‣ssvalue‣Test10c: 2.50
Thời gian ≈ 1.830387947 giây
PASSED!
user28‣ssvalue‣Test11a: 2.50
Thời gian ≈ 3.659051843 giây
PASSED!
user28‣ssvalue‣Test11b: 2.50
Thời gian ≈ 2.540247554 giây
PASSED!
user28‣ssvalue‣Test11c: 2.50
Thời gian ≈ 2.319324033 giây
PASSED!
user28‣ssvalue‣Test12a: 2.50
Thời gian ≈ 2.529908381 giây
PASSED!
user28‣ssvalue‣Test12b: 2.50
Thời gian ≈ 2.650671784 giây
PASSED!
user28‣ssvalue‣Test12c: 2.50
Thời gian ≈ 2.328648291 giây
PASSED!
