user13‣SSVALUE: 97.50
SSVALUE.cpp
Dịch thành công

user13‣SSVALUE‣Test00z: 0.00
Thời gian ≈ 0.017153996 giây
PASSED!
user13‣SSVALUE‣Test01a: 0.00
Thời gian ≈ 0.016350044 giây
Wrong: ANS[1] vs. OUT[-1]!
user13‣SSVALUE‣Test01b: 2.50
Thời gian ≈ 0.015889402 giây
PASSED!
user13‣SSVALUE‣Test01c: 2.50
Thời gian ≈ 0.016877452 giây
PASSED!
user13‣SSVALUE‣Test01y: 2.50
Thời gian ≈ 0.017046144 giây
PASSED!
user13‣SSVALUE‣Test02a: 2.50
Thời gian ≈ 0.015648019 giây
PASSED!
user13‣SSVALUE‣Test02b: 2.50
Thời gian ≈ 0.018138886 giây
PASSED!
user13‣SSVALUE‣Test02c: 2.50
Thời gian ≈ 0.017786490 giây
PASSED!
user13‣SSVALUE‣Test02y: 2.50
Thời gian ≈ 0.016116562 giây
PASSED!
user13‣SSVALUE‣Test03a: 2.50
Thời gian ≈ 0.015598241 giây
PASSED!
user13‣SSVALUE‣Test03b: 2.50
Thời gian ≈ 0.019181060 giây
PASSED!
user13‣SSVALUE‣Test03c: 2.50
Thời gian ≈ 0.067653611 giây
PASSED!
user13‣SSVALUE‣Test03y: 2.50
Thời gian ≈ 0.017810589 giây
PASSED!
user13‣SSVALUE‣Test04a: 2.50
Thời gian ≈ 0.051672160 giây
PASSED!
user13‣SSVALUE‣Test04b: 2.50
Thời gian ≈ 0.056994833 giây
PASSED!
user13‣SSVALUE‣Test04c: 2.50
Thời gian ≈ 0.052943470 giây
PASSED!
user13‣SSVALUE‣Test04y: 2.50
Thời gian ≈ 2.496373922 giây
PASSED!
user13‣SSVALUE‣Test05a: 2.50
Thời gian ≈ 0.076803252 giây
PASSED!
user13‣SSVALUE‣Test05b: 2.50
Thời gian ≈ 0.078259846 giây
PASSED!
user13‣SSVALUE‣Test05c: 2.50
Thời gian ≈ 0.239708333 giây
PASSED!
user13‣SSVALUE‣Test06a: 2.50
Thời gian ≈ 0.213300796 giây
PASSED!
user13‣SSVALUE‣Test06b: 2.50
Thời gian ≈ 0.909105670 giây
PASSED!
user13‣SSVALUE‣Test06c: 2.50
Thời gian ≈ 0.463808155 giây
PASSED!
user13‣SSVALUE‣Test07a: 2.50
Thời gian ≈ 0.198378112 giây
PASSED!
user13‣SSVALUE‣Test07b: 2.50
Thời gian ≈ 0.228953160 giây
PASSED!
user13‣SSVALUE‣Test07c: 2.50
Thời gian ≈ 0.459514619 giây
PASSED!
user13‣SSVALUE‣Test08a: 2.50
Thời gian ≈ 0.715782774 giây
PASSED!
user13‣SSVALUE‣Test08b: 2.50
Thời gian ≈ 0.668338965 giây
PASSED!
user13‣SSVALUE‣Test08c: 2.50
Thời gian ≈ 0.940265016 giây
PASSED!
user13‣SSVALUE‣Test09a: 2.50
Thời gian ≈ 1.498688591 giây
PASSED!
user13‣SSVALUE‣Test09b: 2.50
Thời gian ≈ 1.453951353 giây
PASSED!
user13‣SSVALUE‣Test09c: 2.50
Thời gian ≈ 1.667644446 giây
PASSED!
user13‣SSVALUE‣Test10a: 2.50
Thời gian ≈ 1.290676098 giây
PASSED!
user13‣SSVALUE‣Test10b: 2.50
Thời gian ≈ 1.796982278 giây
PASSED!
user13‣SSVALUE‣Test10c: 2.50
Thời gian ≈ 1.892735083 giây
PASSED!
user13‣SSVALUE‣Test11a: 2.50
Thời gian ≈ 2.586792202 giây
PASSED!
user13‣SSVALUE‣Test11b: 2.50
Thời gian ≈ 2.410325425 giây
PASSED!
user13‣SSVALUE‣Test11c: 2.50
Thời gian ≈ 2.300917295 giây
PASSED!
user13‣SSVALUE‣Test12a: 2.50
Thời gian ≈ 2.539902270 giây
PASSED!
user13‣SSVALUE‣Test12b: 2.50
Thời gian ≈ 2.555340905 giây
PASSED!
user13‣SSVALUE‣Test12c: 2.50
Thời gian ≈ 2.443216328 giây
PASSED!
