user88‣ssvalue: 100.00
ssvalue.cpp
Dịch thành công

user88‣ssvalue‣Test00z: 0.00
Thời gian ≈ 0.018009700 giây
PASSED!
user88‣ssvalue‣Test01a: 2.50
Thời gian ≈ 0.017613848 giây
PASSED!
user88‣ssvalue‣Test01b: 2.50
Thời gian ≈ 0.021430544 giây
PASSED!
user88‣ssvalue‣Test01c: 2.50
Thời gian ≈ 0.018384614 giây
PASSED!
user88‣ssvalue‣Test01y: 2.50
Thời gian ≈ 0.018523281 giây
PASSED!
user88‣ssvalue‣Test02a: 2.50
Thời gian ≈ 0.016158834 giây
PASSED!
user88‣ssvalue‣Test02b: 2.50
Thời gian ≈ 0.015452463 giây
PASSED!
user88‣ssvalue‣Test02c: 2.50
Thời gian ≈ 0.018899380 giây
PASSED!
user88‣ssvalue‣Test02y: 2.50
Thời gian ≈ 0.015583623 giây
PASSED!
user88‣ssvalue‣Test03a: 2.50
Thời gian ≈ 0.015795377 giây
PASSED!
user88‣ssvalue‣Test03b: 2.50
Thời gian ≈ 0.019092566 giây
PASSED!
user88‣ssvalue‣Test03c: 2.50
Thời gian ≈ 0.040835999 giây
PASSED!
user88‣ssvalue‣Test03y: 2.50
Thời gian ≈ 0.017642293 giây
PASSED!
user88‣ssvalue‣Test04a: 2.50
Thời gian ≈ 0.039224935 giây
PASSED!
user88‣ssvalue‣Test04b: 2.50
Thời gian ≈ 0.038811700 giây
PASSED!
user88‣ssvalue‣Test04c: 2.50
Thời gian ≈ 0.041326666 giây
PASSED!
user88‣ssvalue‣Test04y: 2.50
Thời gian ≈ 1.324111001 giây
PASSED!
user88‣ssvalue‣Test05a: 2.50
Thời gian ≈ 0.055387720 giây
PASSED!
user88‣ssvalue‣Test05b: 2.50
Thời gian ≈ 0.057231870 giây
PASSED!
user88‣ssvalue‣Test05c: 2.50
Thời gian ≈ 0.147249557 giây
PASSED!
user88‣ssvalue‣Test06a: 2.50
Thời gian ≈ 0.135690827 giây
PASSED!
user88‣ssvalue‣Test06b: 2.50
Thời gian ≈ 0.518216120 giây
PASSED!
user88‣ssvalue‣Test06c: 2.50
Thời gian ≈ 0.259410875 giây
PASSED!
user88‣ssvalue‣Test07a: 2.50
Thời gian ≈ 0.122658911 giây
PASSED!
user88‣ssvalue‣Test07b: 2.50
Thời gian ≈ 0.132681244 giây
PASSED!
user88‣ssvalue‣Test07c: 2.50
Thời gian ≈ 0.267566934 giây
PASSED!
user88‣ssvalue‣Test08a: 2.50
Thời gian ≈ 0.415457678 giây
PASSED!
user88‣ssvalue‣Test08b: 2.50
Thời gian ≈ 0.383195318 giây
PASSED!
user88‣ssvalue‣Test08c: 2.50
Thời gian ≈ 0.527832329 giây
PASSED!
user88‣ssvalue‣Test09a: 2.50
Thời gian ≈ 0.828245130 giây
PASSED!
user88‣ssvalue‣Test09b: 2.50
Thời gian ≈ 0.799668306 giây
PASSED!
user88‣ssvalue‣Test09c: 2.50
Thời gian ≈ 0.886096063 giây
PASSED!
user88‣ssvalue‣Test10a: 2.50
Thời gian ≈ 0.701381177 giây
PASSED!
user88‣ssvalue‣Test10b: 2.50
Thời gian ≈ 0.974821896 giây
PASSED!
user88‣ssvalue‣Test10c: 2.50
Thời gian ≈ 0.967381690 giây
PASSED!
user88‣ssvalue‣Test11a: 2.50
Thời gian ≈ 1.376586718 giây
PASSED!
user88‣ssvalue‣Test11b: 2.50
Thời gian ≈ 1.301138925 giây
PASSED!
user88‣ssvalue‣Test11c: 2.50
Thời gian ≈ 1.169671707 giây
PASSED!
user88‣ssvalue‣Test12a: 2.50
Thời gian ≈ 1.365150457 giây
PASSED!
user88‣ssvalue‣Test12b: 2.50
Thời gian ≈ 1.418281582 giây
PASSED!
user88‣ssvalue‣Test12c: 2.50
Thời gian ≈ 1.247558614 giây
PASSED!
