user99‣SSVALUE: 100.00
SSVALUE.cpp
Dịch thành công

user99‣SSVALUE‣Test00z: 0.00
Thời gian ≈ 0.016572464 giây
PASSED!
user99‣SSVALUE‣Test01a: 2.50
Thời gian ≈ 0.016625402 giây
PASSED!
user99‣SSVALUE‣Test01b: 2.50
Thời gian ≈ 0.016061254 giây
PASSED!
user99‣SSVALUE‣Test01c: 2.50
Thời gian ≈ 0.016212562 giây
PASSED!
user99‣SSVALUE‣Test01y: 2.50
Thời gian ≈ 0.016153303 giây
PASSED!
user99‣SSVALUE‣Test02a: 2.50
Thời gian ≈ 0.015690290 giây
PASSED!
user99‣SSVALUE‣Test02b: 2.50
Thời gian ≈ 0.017644663 giây
PASSED!
user99‣SSVALUE‣Test02c: 2.50
Thời gian ≈ 0.020869161 giây
PASSED!
user99‣SSVALUE‣Test02y: 2.50
Thời gian ≈ 0.016410884 giây
PASSED!
user99‣SSVALUE‣Test03a: 2.50
Thời gian ≈ 0.017831132 giây
PASSED!
user99‣SSVALUE‣Test03b: 2.50
Thời gian ≈ 0.022712916 giây
PASSED!
user99‣SSVALUE‣Test03c: 2.50
Thời gian ≈ 0.103488518 giây
PASSED!
user99‣SSVALUE‣Test03y: 2.50
Thời gian ≈ 0.017771478 giây
PASSED!
user99‣SSVALUE‣Test04a: 2.50
Thời gian ≈ 0.060367874 giây
PASSED!
user99‣SSVALUE‣Test04b: 2.50
Thời gian ≈ 0.058673057 giây
PASSED!
user99‣SSVALUE‣Test04c: 2.50
Thời gian ≈ 0.071021911 giây
PASSED!
user99‣SSVALUE‣Test04y: 2.50
Thời gian ≈ 3.753654622 giây
PASSED!
user99‣SSVALUE‣Test05a: 2.50
Thời gian ≈ 0.101685454 giây
PASSED!
user99‣SSVALUE‣Test05b: 2.50
Thời gian ≈ 0.102466097 giây
PASSED!
user99‣SSVALUE‣Test05c: 2.50
Thời gian ≈ 0.381693292 giây
PASSED!
user99‣SSVALUE‣Test06a: 2.50
Thời gian ≈ 0.326138856 giây
PASSED!
user99‣SSVALUE‣Test06b: 2.50
Thời gian ≈ 1.472065350 giây
PASSED!
user99‣SSVALUE‣Test06c: 2.50
Thời gian ≈ 0.736433860 giây
PASSED!
user99‣SSVALUE‣Test07a: 2.50
Thời gian ≈ 0.287698909 giây
PASSED!
user99‣SSVALUE‣Test07b: 2.50
Thời gian ≈ 0.362784430 giây
PASSED!
user99‣SSVALUE‣Test07c: 2.50
Thời gian ≈ 0.745172241 giây
PASSED!
user99‣SSVALUE‣Test08a: 2.50
Thời gian ≈ 1.115376729 giây
PASSED!
user99‣SSVALUE‣Test08b: 2.50
Thời gian ≈ 1.104446148 giây
PASSED!
user99‣SSVALUE‣Test08c: 2.50
Thời gian ≈ 1.531635198 giây
PASSED!
user99‣SSVALUE‣Test09a: 2.50
Thời gian ≈ 2.242918214 giây
PASSED!
user99‣SSVALUE‣Test09b: 2.50
Thời gian ≈ 2.229019926 giây
PASSED!
user99‣SSVALUE‣Test09c: 2.50
Thời gian ≈ 2.577781623 giây
PASSED!
user99‣SSVALUE‣Test10a: 2.50
Thời gian ≈ 1.877909584 giây
PASSED!
user99‣SSVALUE‣Test10b: 2.50
Thời gian ≈ 2.678189446 giây
PASSED!
user99‣SSVALUE‣Test10c: 2.50
Thời gian ≈ 2.911066759 giây
PASSED!
user99‣SSVALUE‣Test11a: 2.50
Thời gian ≈ 3.758443566 giây
PASSED!
user99‣SSVALUE‣Test11b: 2.50
Thời gian ≈ 3.657843348 giây
PASSED!
user99‣SSVALUE‣Test11c: 2.50
Thời gian ≈ 3.625497235 giây
PASSED!
user99‣SSVALUE‣Test12a: 2.50
Thời gian ≈ 3.732182991 giây
PASSED!
user99‣SSVALUE‣Test12b: 2.50
Thời gian ≈ 3.755394871 giây
PASSED!
user99‣SSVALUE‣Test12c: 2.50
Thời gian ≈ 3.698701865 giây
PASSED!
