user01‣ssvalue: 100.00
ssvalue.cpp
Dịch thành công

user01‣ssvalue‣Test00z: 0.00
Thời gian ≈ 0.017199823 giây
PASSED!
user01‣ssvalue‣Test01a: 2.50
Thời gian ≈ 0.016464217 giây
PASSED!
user01‣ssvalue‣Test01b: 2.50
Thời gian ≈ 0.015387277 giây
PASSED!
user01‣ssvalue‣Test01c: 2.50
Thời gian ≈ 0.017326638 giây
PASSED!
user01‣ssvalue‣Test01y: 2.50
Thời gian ≈ 0.016997551 giây
PASSED!
user01‣ssvalue‣Test02a: 2.50
Thời gian ≈ 0.016694538 giây
PASSED!
user01‣ssvalue‣Test02b: 2.50
Thời gian ≈ 0.016268266 giây
PASSED!
user01‣ssvalue‣Test02c: 2.50
Thời gian ≈ 0.018411479 giây
PASSED!
user01‣ssvalue‣Test02y: 2.50
Thời gian ≈ 0.016637649 giây
PASSED!
user01‣ssvalue‣Test03a: 2.50
Thời gian ≈ 0.018640615 giây
PASSED!
user01‣ssvalue‣Test03b: 2.50
Thời gian ≈ 0.019078344 giây
PASSED!
user01‣ssvalue‣Test03c: 2.50
Thời gian ≈ 0.066524523 giây
PASSED!
user01‣ssvalue‣Test03y: 2.50
Thời gian ≈ 0.017406440 giây
PASSED!
user01‣ssvalue‣Test04a: 2.50
Thời gian ≈ 0.038094662 giây
PASSED!
user01‣ssvalue‣Test04b: 2.50
Thời gian ≈ 0.038244391 giây
PASSED!
user01‣ssvalue‣Test04c: 2.50
Thời gian ≈ 0.043871657 giây
PASSED!
user01‣ssvalue‣Test04y: 2.50
Thời gian ≈ 1.631039563 giây
PASSED!
user01‣ssvalue‣Test05a: 2.50
Thời gian ≈ 0.064576472 giây
PASSED!
user01‣ssvalue‣Test05b: 2.50
Thời gian ≈ 0.060221306 giây
PASSED!
user01‣ssvalue‣Test05c: 2.50
Thời gian ≈ 0.178661743 giây
PASSED!
user01‣ssvalue‣Test06a: 2.50
Thời gian ≈ 0.158275348 giây
PASSED!
user01‣ssvalue‣Test06b: 2.50
Thời gian ≈ 0.650623586 giây
PASSED!
user01‣ssvalue‣Test06c: 2.50
Thời gian ≈ 0.326505473 giây
PASSED!
user01‣ssvalue‣Test07a: 2.50
Thời gian ≈ 0.141720662 giây
PASSED!
user01‣ssvalue‣Test07b: 2.50
Thời gian ≈ 0.156880383 giây
PASSED!
user01‣ssvalue‣Test07c: 2.50
Thời gian ≈ 0.319474947 giây
PASSED!
user01‣ssvalue‣Test08a: 2.50
Thời gian ≈ 0.508332059 giây
PASSED!
user01‣ssvalue‣Test08b: 2.50
Thời gian ≈ 0.463934179 giây
PASSED!
user01‣ssvalue‣Test08c: 2.50
Thời gian ≈ 0.638036114 giây
PASSED!
user01‣ssvalue‣Test09a: 2.50
Thời gian ≈ 1.020380074 giây
PASSED!
user01‣ssvalue‣Test09b: 2.50
Thời gian ≈ 0.991796929 giây
PASSED!
user01‣ssvalue‣Test09c: 2.50
Thời gian ≈ 1.098341252 giây
PASSED!
user01‣ssvalue‣Test10a: 2.50
Thời gian ≈ 0.849699377 giây
PASSED!
user01‣ssvalue‣Test10b: 2.50
Thời gian ≈ 1.211458226 giây
PASSED!
user01‣ssvalue‣Test10c: 2.50
Thời gian ≈ 1.210385237 giây
PASSED!
user01‣ssvalue‣Test11a: 2.50
Thời gian ≈ 1.676981741 giây
PASSED!
user01‣ssvalue‣Test11b: 2.50
Thời gian ≈ 1.582983802 giây
PASSED!
user01‣ssvalue‣Test11c: 2.50
Thời gian ≈ 1.472336362 giây
PASSED!
user01‣ssvalue‣Test12a: 2.50
Thời gian ≈ 1.665673480 giây
PASSED!
user01‣ssvalue‣Test12b: 2.50
Thời gian ≈ 1.759441493 giây
PASSED!
user01‣ssvalue‣Test12c: 2.50
Thời gian ≈ 1.587300647 giây
PASSED!
