user65‣SSDIFF: 67.00
SSDIFF.cpp
Dịch thành công

user65‣SSDIFF‣Test00z: 2.00
Thời gian ≈ 0.015380957 giây
Kết quả khớp đáp án!
user65‣SSDIFF‣Test01a: 2.00
Thời gian ≈ 0.016404958 giây
Kết quả khớp đáp án!
user65‣SSDIFF‣Test01b: 2.00
Thời gian ≈ 0.016105501 giây
Kết quả khớp đáp án!
user65‣SSDIFF‣Test01c: 2.00
Thời gian ≈ 0.016501748 giây
Kết quả khớp đáp án!
user65‣SSDIFF‣Test01d: 2.00
Thời gian ≈ 0.016540464 giây
Kết quả khớp đáp án!
user65‣SSDIFF‣Test01y: 3.00
Thời gian ≈ 0.016091673 giây
Kết quả khớp đáp án!
user65‣SSDIFF‣Test02a: 3.00
Thời gian ≈ 0.016198340 giây
Kết quả khớp đáp án!
user65‣SSDIFF‣Test02b: 3.00
Thời gian ≈ 0.015826192 giây
Kết quả khớp đáp án!
user65‣SSDIFF‣Test02c: 3.00
Thời gian ≈ 0.015942735 giây
Kết quả khớp đáp án!
user65‣SSDIFF‣Test02y: 3.00
Thời gian ≈ 0.016504118 giây
Kết quả khớp đáp án!
user65‣SSDIFF‣Test03a: 3.00
Thời gian ≈ 0.015222141 giây
Kết quả khớp đáp án!
user65‣SSDIFF‣Test03b: 3.00
Thời gian ≈ 0.016111031 giây
Kết quả khớp đáp án!
user65‣SSDIFF‣Test03c: 3.00
Thời gian ≈ 0.016218093 giây
Kết quả khớp đáp án!
user65‣SSDIFF‣Test03y: 3.00
Thời gian ≈ 0.016039920 giây
Kết quả khớp đáp án!
user65‣SSDIFF‣Test04a: 3.00
Thời gian ≈ 0.083958223 giây
Kết quả khớp đáp án!
user65‣SSDIFF‣Test04b: 3.00
Thời gian ≈ 0.018053157 giây
Kết quả khớp đáp án!
user65‣SSDIFF‣Test04y: 3.00
Thời gian ≈ 0.016903131 giây
Kết quả khớp đáp án!
user65‣SSDIFF‣Test05a: 3.00
Thời gian ≈ 0.547858032 giây
Kết quả khớp đáp án!
user65‣SSDIFF‣Test05b: 3.00
Thời gian ≈ 0.016987279 giây
Kết quả khớp đáp án!
user65‣SSDIFF‣Test05y: 3.00
Thời gian ≈ 0.594722680 giây
Kết quả khớp đáp án!
user65‣SSDIFF‣Test06a: 0.00
Thời gian ≈ 0.640980908 giây
Kết quả KHÁC đáp án!
user65‣SSDIFF‣Test06b: 3.00
Thời gian ≈ 0.016522686 giây
Kết quả khớp đáp án!
user65‣SSDIFF‣Test06c: 3.00
Thời gian ≈ 0.640974192 giây
Kết quả khớp đáp án!
user65‣SSDIFF‣Test07a: 0.00
Thời gian ≈ 0.667601384 giây
Kết quả KHÁC đáp án!
user65‣SSDIFF‣Test07b: 3.00
Thời gian ≈ 0.016054538 giây
Kết quả khớp đáp án!
user65‣SSDIFF‣Test07c: 0.00
Thời gian ≈ 0.618592733 giây
Kết quả KHÁC đáp án!
user65‣SSDIFF‣Test08a: 0.00
Thời gian ≈ 0.638356510 giây
Kết quả KHÁC đáp án!
user65‣SSDIFF‣Test08b: 0.00
Thời gian ≈ 0.607386399 giây
Kết quả KHÁC đáp án!
user65‣SSDIFF‣Test08c: 0.00
Thời gian ≈ 0.709242125 giây
Kết quả KHÁC đáp án!
user65‣SSDIFF‣Test09a: 0.00
Thời gian ≈ 0.704669675 giây
Kết quả KHÁC đáp án!
user65‣SSDIFF‣Test09b: 0.00
Thời gian ≈ 0.651700921 giây
Kết quả KHÁC đáp án!
user65‣SSDIFF‣Test09c: 3.00
Thời gian ≈ 0.659329967 giây
Kết quả khớp đáp án!
user65‣SSDIFF‣Test10a: 0.00
Thời gian ≈ 0.654302405 giây
Kết quả KHÁC đáp án!
user65‣SSDIFF‣Test10b: 0.00
Thời gian ≈ 0.600511922 giây
Kết quả KHÁC đáp án!
user65‣SSDIFF‣Test10c: 0.00
Thời gian ≈ 0.686933357 giây
Kết quả KHÁC đáp án!
