user17‣SSVALUE: 100.00
SSVALUE.cpp
Dịch thành công

user17‣SSVALUE‣Test00z: 0.00
Thời gian ≈ 0.025105017 giây
PASSED!
user17‣SSVALUE‣Test01a: 2.50
Thời gian ≈ 0.026759933 giây
PASSED!
user17‣SSVALUE‣Test01b: 2.50
Thời gian ≈ 0.045973783 giây
PASSED!
user17‣SSVALUE‣Test01c: 2.50
Thời gian ≈ 0.026998551 giây
PASSED!
user17‣SSVALUE‣Test01y: 2.50
Thời gian ≈ 0.023574151 giây
PASSED!
user17‣SSVALUE‣Test02a: 2.50
Thời gian ≈ 0.031833717 giây
PASSED!
user17‣SSVALUE‣Test02b: 2.50
Thời gian ≈ 0.022999731 giây
PASSED!
user17‣SSVALUE‣Test02c: 2.50
Thời gian ≈ 0.026665908 giây
PASSED!
user17‣SSVALUE‣Test02y: 2.50
Thời gian ≈ 0.020276567 giây
PASSED!
user17‣SSVALUE‣Test03a: 2.50
Thời gian ≈ 0.021919236 giây
PASSED!
user17‣SSVALUE‣Test03b: 2.50
Thời gian ≈ 0.020263530 giây
PASSED!
user17‣SSVALUE‣Test03c: 2.50
Thời gian ≈ 0.093922482 giây
PASSED!
user17‣SSVALUE‣Test03y: 2.50
Thời gian ≈ 0.017159922 giây
PASSED!
user17‣SSVALUE‣Test04a: 2.50
Thời gian ≈ 0.061721752 giây
PASSED!
user17‣SSVALUE‣Test04b: 2.50
Thời gian ≈ 0.060078293 giây
PASSED!
user17‣SSVALUE‣Test04c: 2.50
Thời gian ≈ 0.075828238 giây
PASSED!
user17‣SSVALUE‣Test04y: 2.50
Thời gian ≈ 4.135094679 giây
PASSED!
user17‣SSVALUE‣Test05a: 2.50
Thời gian ≈ 0.099705402 giây
PASSED!
user17‣SSVALUE‣Test05b: 2.50
Thời gian ≈ 0.099001401 giây
PASSED!
user17‣SSVALUE‣Test05c: 2.50
Thời gian ≈ 0.369975352 giây
PASSED!
user17‣SSVALUE‣Test06a: 2.50
Thời gian ≈ 0.313673063 giây
PASSED!
user17‣SSVALUE‣Test06b: 2.50
Thời gian ≈ 1.515978488 giây
PASSED!
user17‣SSVALUE‣Test06c: 2.50
Thời gian ≈ 0.719294482 giây
PASSED!
user17‣SSVALUE‣Test07a: 2.50
Thời gian ≈ 0.278415342 giây
PASSED!
user17‣SSVALUE‣Test07b: 2.50
Thời gian ≈ 0.360342155 giây
PASSED!
user17‣SSVALUE‣Test07c: 2.50
Thời gian ≈ 0.797649143 giây
PASSED!
user17‣SSVALUE‣Test08a: 2.50
Thời gian ≈ 1.224798686 giây
PASSED!
user17‣SSVALUE‣Test08b: 2.50
Thời gian ≈ 1.463616154 giây
PASSED!
user17‣SSVALUE‣Test08c: 2.50
Thời gian ≈ 1.810884912 giây
PASSED!
user17‣SSVALUE‣Test09a: 2.50
Thời gian ≈ 2.283255644 giây
PASSED!
user17‣SSVALUE‣Test09b: 2.50
Thời gian ≈ 2.290927357 giây
PASSED!
user17‣SSVALUE‣Test09c: 2.50
Thời gian ≈ 2.716367861 giây
PASSED!
user17‣SSVALUE‣Test10a: 2.50
Thời gian ≈ 1.937851186 giây
PASSED!
user17‣SSVALUE‣Test10b: 2.50
Thời gian ≈ 2.775405956 giây
PASSED!
user17‣SSVALUE‣Test10c: 2.50
Thời gian ≈ 3.016388760 giây
PASSED!
user17‣SSVALUE‣Test11a: 2.50
Thời gian ≈ 3.969325001 giây
PASSED!
user17‣SSVALUE‣Test11b: 2.50
Thời gian ≈ 3.931243770 giây
PASSED!
user17‣SSVALUE‣Test11c: 2.50
Thời gian ≈ 3.656139049 giây
PASSED!
user17‣SSVALUE‣Test12a: 2.50
Thời gian ≈ 3.955698910 giây
PASSED!
user17‣SSVALUE‣Test12b: 2.50
Thời gian ≈ 4.018733849 giây
PASSED!
user17‣SSVALUE‣Test12c: 2.50
Thời gian ≈ 3.853055036 giây
PASSED!
