user88‣period: 100.00
period.cpp
Dịch thành công

user88‣period‣test01: 6.00
Thời gian ≈ 0.016965551 giây
Kết quả khớp đáp án!
user88‣period‣test02: 6.00
Thời gian ≈ 0.016366637 giây
Kết quả khớp đáp án!
user88‣period‣test03: 6.00
Thời gian ≈ 0.017002292 giây
Kết quả khớp đáp án!
user88‣period‣test04: 6.00
Thời gian ≈ 0.016903921 giây
Kết quả khớp đáp án!
user88‣period‣test05: 6.00
Thời gian ≈ 0.016218488 giây
Kết quả khớp đáp án!
user88‣period‣test06: 5.00
Thời gian ≈ 0.015943130 giây
Kết quả khớp đáp án!
user88‣period‣test07: 5.00
Thời gian ≈ 0.015320907 giây
Kết quả khớp đáp án!
user88‣period‣test08: 5.00
Thời gian ≈ 0.017372860 giây
Kết quả khớp đáp án!
user88‣period‣test09: 5.00
Thời gian ≈ 0.027123390 giây
Kết quả khớp đáp án!
user88‣period‣test10: 5.00
Thời gian ≈ 0.023441410 giây
Kết quả khớp đáp án!
user88‣period‣test11: 5.00
Thời gian ≈ 0.028663343 giây
Kết quả khớp đáp án!
user88‣period‣test12: 5.00
Thời gian ≈ 0.017612663 giây
Kết quả khớp đáp án!
user88‣period‣test13: 5.00
Thời gian ≈ 0.021326643 giây
Kết quả khớp đáp án!
user88‣period‣test14: 5.00
Thời gian ≈ 0.023845954 giây
Kết quả khớp đáp án!
user88‣period‣test15: 5.00
Thời gian ≈ 0.027780774 giây
Kết quả khớp đáp án!
user88‣period‣test16: 5.00
Thời gian ≈ 0.017255527 giây
Kết quả khớp đáp án!
user88‣period‣test17: 5.00
Thời gian ≈ 0.019832122 giây
Kết quả khớp đáp án!
user88‣period‣test18: 5.00
Thời gian ≈ 0.024434202 giây
Kết quả khớp đáp án!
user88‣period‣test19: 5.00
Thời gian ≈ 0.026677760 giây
Kết quả khớp đáp án!
