user44‣PERIOD: 100.00
PERIOD.cpp
Dịch thành công

user44‣PERIOD‣test01: 6.00
Thời gian ≈ 0.033259891 giây
Kết quả khớp đáp án!
user44‣PERIOD‣test02: 6.00
Thời gian ≈ 0.033216039 giây
Kết quả khớp đáp án!
user44‣PERIOD‣test03: 6.00
Thời gian ≈ 0.032517964 giây
Kết quả khớp đáp án!
user44‣PERIOD‣test04: 6.00
Thời gian ≈ 0.032720631 giây
Kết quả khớp đáp án!
user44‣PERIOD‣test05: 6.00
Thời gian ≈ 0.032227594 giây
Kết quả khớp đáp án!
user44‣PERIOD‣test06: 5.00
Thời gian ≈ 0.033363398 giây
Kết quả khớp đáp án!
user44‣PERIOD‣test07: 5.00
Thời gian ≈ 0.031028580 giây
Kết quả khớp đáp án!
user44‣PERIOD‣test08: 5.00
Thời gian ≈ 0.032652681 giây
Kết quả khớp đáp án!
user44‣PERIOD‣test09: 5.00
Thời gian ≈ 0.841811961 giây
Kết quả khớp đáp án!
user44‣PERIOD‣test10: 5.00
Thời gian ≈ 0.451863449 giây
Kết quả khớp đáp án!
user44‣PERIOD‣test11: 5.00
Thời gian ≈ 0.892853601 giây
Kết quả khớp đáp án!
user44‣PERIOD‣test12: 5.00
Thời gian ≈ 0.100939181 giây
Kết quả khớp đáp án!
user44‣PERIOD‣test13: 5.00
Thời gian ≈ 0.250438618 giây
Kết quả khớp đáp án!
user44‣PERIOD‣test14: 5.00
Thời gian ≈ 0.489855000 giây
Kết quả khớp đáp án!
user44‣PERIOD‣test15: 5.00
Thời gian ≈ 0.786370512 giây
Kết quả khớp đáp án!
user44‣PERIOD‣test16: 5.00
Thời gian ≈ 0.125662964 giây
Kết quả khớp đáp án!
user44‣PERIOD‣test17: 5.00
Thời gian ≈ 0.283041521 giây
Kết quả khớp đáp án!
user44‣PERIOD‣test18: 5.00
Thời gian ≈ 0.529832924 giây
Kết quả khớp đáp án!
user44‣PERIOD‣test19: 5.00
Thời gian ≈ 0.768617207 giây
Kết quả khớp đáp án!
