user28‣period: 100.00
period.cpp
Dịch thành công

user28‣period‣test01: 6.00
Thời gian ≈ 0.016827279 giây
Kết quả khớp đáp án!
user28‣period‣test02: 6.00
Thời gian ≈ 0.015666982 giây
Kết quả khớp đáp án!
user28‣period‣test03: 6.00
Thời gian ≈ 0.019109158 giây
Kết quả khớp đáp án!
user28‣period‣test04: 6.00
Thời gian ≈ 0.016299871 giây
Kết quả khớp đáp án!
user28‣period‣test05: 6.00
Thời gian ≈ 0.014831425 giây
Kết quả khớp đáp án!
user28‣period‣test06: 5.00
Thời gian ≈ 0.018456121 giây
Kết quả khớp đáp án!
user28‣period‣test07: 5.00
Thời gian ≈ 0.014915573 giây
Kết quả khớp đáp án!
user28‣period‣test08: 5.00
Thời gian ≈ 0.019466690 giây
Kết quả khớp đáp án!
user28‣period‣test09: 5.00
Thời gian ≈ 0.034998560 giây
Kết quả khớp đáp án!
user28‣period‣test10: 5.00
Thời gian ≈ 0.024140671 giây
Kết quả khớp đáp án!
user28‣period‣test11: 5.00
Thời gian ≈ 0.034836980 giây
Kết quả khớp đáp án!
user28‣period‣test12: 5.00
Thời gian ≈ 0.020116962 giây
Kết quả khớp đáp án!
user28‣period‣test13: 5.00
Thời gian ≈ 0.024465807 giây
Kết quả khớp đáp án!
user28‣period‣test14: 5.00
Thời gian ≈ 0.028989664 giây
Kết quả khớp đáp án!
user28‣period‣test15: 5.00
Thời gian ≈ 0.036343747 giây
Kết quả khớp đáp án!
user28‣period‣test16: 5.00
Thời gian ≈ 0.022314693 giây
Kết quả khớp đáp án!
user28‣period‣test17: 5.00
Thời gian ≈ 0.027284576 giây
Kết quả khớp đáp án!
user28‣period‣test18: 5.00
Thời gian ≈ 0.032403001 giây
Kết quả khớp đáp án!
user28‣period‣test19: 5.00
Thời gian ≈ 0.034131003 giây
Kết quả khớp đáp án!
