user76‣ssvalue: 100.00
ssvalue.cpp
Dịch thành công

user76‣ssvalue‣Test00z: 0.00
Thời gian ≈ 0.020140666 giây
PASSED!
user76‣ssvalue‣Test01a: 2.50
Thời gian ≈ 0.015478142 giây
PASSED!
user76‣ssvalue‣Test01b: 2.50
Thời gian ≈ 0.015876364 giây
PASSED!
user76‣ssvalue‣Test01c: 2.50
Thời gian ≈ 0.018764269 giây
PASSED!
user76‣ssvalue‣Test01y: 2.50
Thời gian ≈ 0.018628368 giây
PASSED!
user76‣ssvalue‣Test02a: 2.50
Thời gian ≈ 0.016519921 giây
PASSED!
user76‣ssvalue‣Test02b: 2.50
Thời gian ≈ 0.016866390 giây
PASSED!
user76‣ssvalue‣Test02c: 2.50
Thời gian ≈ 0.017684169 giây
PASSED!
user76‣ssvalue‣Test02y: 2.50
Thời gian ≈ 0.015156561 giây
PASSED!
user76‣ssvalue‣Test03a: 2.50
Thời gian ≈ 0.015629451 giây
PASSED!
user76‣ssvalue‣Test03b: 2.50
Thời gian ≈ 0.052209840 giây
PASSED!
user76‣ssvalue‣Test03c: 2.50
Thời gian ≈ 0.109347290 giây
PASSED!
user76‣ssvalue‣Test03y: 2.50
Thời gian ≈ 0.020097604 giây
PASSED!
user76‣ssvalue‣Test04a: 2.50
Thời gian ≈ 0.068234748 giây
PASSED!
user76‣ssvalue‣Test04b: 2.50
Thời gian ≈ 0.059917503 giây
PASSED!
user76‣ssvalue‣Test04c: 2.50
Thời gian ≈ 0.070413911 giây
PASSED!
user76‣ssvalue‣Test04y: 2.50
Thời gian ≈ 3.961009732 giây
PASSED!
user76‣ssvalue‣Test05a: 2.50
Thời gian ≈ 0.107107682 giây
PASSED!
user76‣ssvalue‣Test05b: 2.50
Thời gian ≈ 0.106446743 giây
PASSED!
user76‣ssvalue‣Test05c: 2.50
Thời gian ≈ 0.400406203 giây
PASSED!
user76‣ssvalue‣Test06a: 2.50
Thời gian ≈ 0.352876665 giây
PASSED!
user76‣ssvalue‣Test06b: 2.50
Thời gian ≈ 1.587004350 giây
PASSED!
user76‣ssvalue‣Test06c: 2.50
Thời gian ≈ 0.774447930 giây
PASSED!
user76‣ssvalue‣Test07a: 2.50
Thời gian ≈ 0.352425109 giây
PASSED!
user76‣ssvalue‣Test07b: 2.50
Thời gian ≈ 0.395790296 giây
PASSED!
user76‣ssvalue‣Test07c: 2.50
Thời gian ≈ 0.782432137 giây
PASSED!
user76‣ssvalue‣Test08a: 2.50
Thời gian ≈ 1.187748173 giây
PASSED!
user76‣ssvalue‣Test08b: 2.50
Thời gian ≈ 1.154855295 giây
PASSED!
user76‣ssvalue‣Test08c: 2.50
Thời gian ≈ 1.546120944 giây
PASSED!
user76‣ssvalue‣Test09a: 2.50
Thời gian ≈ 2.389660906 giây
PASSED!
user76‣ssvalue‣Test09b: 2.50
Thời gian ≈ 2.347619968 giây
PASSED!
user76‣ssvalue‣Test09c: 2.50
Thời gian ≈ 2.759805345 giây
PASSED!
user76‣ssvalue‣Test10a: 2.50
Thời gian ≈ 2.022670249 giây
PASSED!
user76‣ssvalue‣Test10b: 2.50
Thời gian ≈ 2.795728746 giây
PASSED!
user76‣ssvalue‣Test10c: 2.50
Thời gian ≈ 3.095453348 giây
PASSED!
user76‣ssvalue‣Test11a: 2.50
Thời gian ≈ 4.057777056 giây
PASSED!
user76‣ssvalue‣Test11b: 2.50
Thời gian ≈ 3.969728754 giây
PASSED!
user76‣ssvalue‣Test11c: 2.50
Thời gian ≈ 3.851889207 giây
PASSED!
user76‣ssvalue‣Test12a: 2.50
Thời gian ≈ 4.016991230 giây
PASSED!
user76‣ssvalue‣Test12b: 2.50
Thời gian ≈ 4.022779681 giây
PASSED!
user76‣ssvalue‣Test12c: 2.50
Thời gian ≈ 3.908371644 giây
PASSED!
