user01‣period: 100.00
period.cpp
Dịch thành công

user01‣period‣test01: 6.00
Thời gian ≈ 0.015090191 giây
Kết quả khớp đáp án!
user01‣period‣test02: 6.00
Thời gian ≈ 0.015906784 giây
Kết quả khớp đáp án!
user01‣period‣test03: 6.00
Thời gian ≈ 0.015577697 giây
Kết quả khớp đáp án!
user01‣period‣test04: 6.00
Thời gian ≈ 0.016415624 giây
Kết quả khớp đáp án!
user01‣period‣test05: 6.00
Thời gian ≈ 0.016088118 giây
Kết quả khớp đáp án!
user01‣period‣test06: 5.00
Thời gian ≈ 0.016289995 giây
Kết quả khớp đáp án!
user01‣period‣test07: 5.00
Thời gian ≈ 0.014996561 giây
Kết quả khớp đáp án!
user01‣period‣test08: 5.00
Thời gian ≈ 0.016253254 giây
Kết quả khớp đáp án!
user01‣period‣test09: 5.00
Thời gian ≈ 0.029684183 giây
Kết quả khớp đáp án!
user01‣period‣test10: 5.00
Thời gian ≈ 0.023483287 giây
Kết quả khớp đáp án!
user01‣period‣test11: 5.00
Thời gian ≈ 0.031032531 giây
Kết quả khớp đáp án!
user01‣period‣test12: 5.00
Thời gian ≈ 0.018036960 giây
Kết quả khớp đáp án!
user01‣period‣test13: 5.00
Thời gian ≈ 0.020478839 giây
Kết quả khớp đáp án!
user01‣period‣test14: 5.00
Thời gian ≈ 0.027652378 giây
Kết quả khớp đáp án!
user01‣period‣test15: 5.00
Thời gian ≈ 0.036326364 giây
Kết quả khớp đáp án!
user01‣period‣test16: 5.00
Thời gian ≈ 0.021605952 giây
Kết quả khớp đáp án!
user01‣period‣test17: 5.00
Thời gian ≈ 0.023130892 giây
Kết quả khớp đáp án!
user01‣period‣test18: 5.00
Thời gian ≈ 0.025195092 giây
Kết quả khớp đáp án!
user01‣period‣test19: 5.00
Thời gian ≈ 0.031641321 giây
Kết quả khớp đáp án!
