user99‣PERIOD: 75.00
PERIOD.cpp
Dịch thành công

user99‣PERIOD‣test01: 6.00
Thời gian ≈ 0.016040710 giây
Kết quả khớp đáp án!
user99‣PERIOD‣test02: 6.00
Thời gian ≈ 0.016973452 giây
Kết quả khớp đáp án!
user99‣PERIOD‣test03: 6.00
Thời gian ≈ 0.016449600 giây
Kết quả khớp đáp án!
user99‣PERIOD‣test04: 6.00
Thời gian ≈ 0.016670835 giây
Kết quả khớp đáp án!
user99‣PERIOD‣test05: 6.00
Thời gian ≈ 0.014873302 giây
Kết quả khớp đáp án!
user99‣PERIOD‣test06: 5.00
Thời gian ≈ 0.015675673 giây
Kết quả khớp đáp án!
user99‣PERIOD‣test07: 5.00
Thời gian ≈ 0.015512907 giây
Kết quả khớp đáp án!
user99‣PERIOD‣test08: 5.00
Thời gian ≈ 0.016939082 giây
Kết quả khớp đáp án!
user99‣PERIOD‣test09: 0.00
Chạy quá thời gian
user99‣PERIOD‣test10: 5.00
Thời gian ≈ 0.766423427 giây
Kết quả khớp đáp án!
user99‣PERIOD‣test11: 0.00
Chạy quá thời gian
user99‣PERIOD‣test12: 5.00
Thời gian ≈ 0.048581984 giây
Kết quả khớp đáp án!
user99‣PERIOD‣test13: 5.00
Thời gian ≈ 0.211738720 giây
Kết quả khớp đáp án!
user99‣PERIOD‣test14: 5.00
Thời gian ≈ 0.815055583 giây
Kết quả khớp đáp án!
user99‣PERIOD‣test15: 0.00
Chạy quá thời gian
user99‣PERIOD‣test16: 5.00
Thời gian ≈ 0.098812957 giây
Kết quả khớp đáp án!
user99‣PERIOD‣test17: 5.00
Thời gian ≈ 0.621656045 giây
Kết quả khớp đáp án!
user99‣PERIOD‣test18: 0.00
Chạy quá thời gian
user99‣PERIOD‣test19: 0.00
Chạy quá thời gian
