user00‣SSVALUE: 100.00
SSVALUE.cpp
Dịch thành công

user00‣SSVALUE‣Test00z: 0.00
Thời gian ≈ 0.046780500 giây
PASSED!
user00‣SSVALUE‣Test01a: 2.50
Thời gian ≈ 0.016282093 giây
PASSED!
user00‣SSVALUE‣Test01b: 2.50
Thời gian ≈ 0.016555476 giây
PASSED!
user00‣SSVALUE‣Test01c: 2.50
Thời gian ≈ 0.061045011 giây
PASSED!
user00‣SSVALUE‣Test01y: 2.50
Thời gian ≈ 0.078581822 giây
PASSED!
user00‣SSVALUE‣Test02a: 2.50
Thời gian ≈ 0.052836408 giây
PASSED!
user00‣SSVALUE‣Test02b: 2.50
Thời gian ≈ 0.017907379 giây
PASSED!
user00‣SSVALUE‣Test02c: 2.50
Thời gian ≈ 0.018530787 giây
PASSED!
user00‣SSVALUE‣Test02y: 2.50
Thời gian ≈ 0.018364466 giây
PASSED!
user00‣SSVALUE‣Test03a: 2.50
Thời gian ≈ 0.018912813 giây
PASSED!
user00‣SSVALUE‣Test03b: 2.50
Thời gian ≈ 0.023214645 giây
PASSED!
user00‣SSVALUE‣Test03c: 2.50
Thời gian ≈ 0.069619045 giây
PASSED!
user00‣SSVALUE‣Test03y: 2.50
Thời gian ≈ 0.018691973 giây
PASSED!
user00‣SSVALUE‣Test04a: 2.50
Thời gian ≈ 0.259980555 giây
PASSED!
user00‣SSVALUE‣Test04b: 2.50
Thời gian ≈ 0.048308205 giây
PASSED!
user00‣SSVALUE‣Test04c: 2.50
Thời gian ≈ 0.054546633 giây
PASSED!
user00‣SSVALUE‣Test04y: 2.50
Thời gian ≈ 1.911071500 giây
PASSED!
user00‣SSVALUE‣Test05a: 2.50
Thời gian ≈ 0.064973904 giây
PASSED!
user00‣SSVALUE‣Test05b: 2.50
Thời gian ≈ 0.064410150 giây
PASSED!
user00‣SSVALUE‣Test05c: 2.50
Thời gian ≈ 0.188068174 giây
PASSED!
user00‣SSVALUE‣Test06a: 2.50
Thời gian ≈ 0.172239612 giây
PASSED!
user00‣SSVALUE‣Test06b: 2.50
Thời gian ≈ 0.696485171 giây
PASSED!
user00‣SSVALUE‣Test06c: 2.50
Thời gian ≈ 0.347033695 giây
PASSED!
user00‣SSVALUE‣Test07a: 2.50
Thời gian ≈ 0.165035257 giây
PASSED!
user00‣SSVALUE‣Test07b: 2.50
Thời gian ≈ 0.172012846 giây
PASSED!
user00‣SSVALUE‣Test07c: 2.50
Thời gian ≈ 0.352696517 giây
PASSED!
user00‣SSVALUE‣Test08a: 2.50
Thời gian ≈ 0.556230585 giây
PASSED!
user00‣SSVALUE‣Test08b: 2.50
Thời gian ≈ 0.525723487 giây
PASSED!
user00‣SSVALUE‣Test08c: 2.50
Thời gian ≈ 0.714039365 giây
PASSED!
user00‣SSVALUE‣Test09a: 2.50
Thời gian ≈ 1.136573396 giây
PASSED!
user00‣SSVALUE‣Test09b: 2.50
Thời gian ≈ 1.105278545 giây
PASSED!
user00‣SSVALUE‣Test09c: 2.50
Thời gian ≈ 1.258721097 giây
PASSED!
user00‣SSVALUE‣Test10a: 2.50
Thời gian ≈ 1.000126025 giây
PASSED!
user00‣SSVALUE‣Test10b: 2.50
Thời gian ≈ 1.356031237 giây
PASSED!
user00‣SSVALUE‣Test10c: 2.50
Thời gian ≈ 1.388666140 giây
PASSED!
user00‣SSVALUE‣Test11a: 2.50
Thời gian ≈ 2.005090376 giây
PASSED!
user00‣SSVALUE‣Test11b: 2.50
Thời gian ≈ 1.837532647 giây
PASSED!
user00‣SSVALUE‣Test11c: 2.50
Thời gian ≈ 1.712767660 giây
PASSED!
user00‣SSVALUE‣Test12a: 2.50
Thời gian ≈ 1.955283305 giây
PASSED!
user00‣SSVALUE‣Test12b: 2.50
Thời gian ≈ 1.964494180 giây
PASSED!
user00‣SSVALUE‣Test12c: 2.50
Thời gian ≈ 1.969582976 giây
PASSED!
