user65‣SSVALUE: 100.00
SSVALUE.cpp
Dịch thành công

user65‣SSVALUE‣Test00z: 0.00
Thời gian ≈ 0.018273602 giây
PASSED!
user65‣SSVALUE‣Test01a: 2.50
Thời gian ≈ 0.016842687 giây
PASSED!
user65‣SSVALUE‣Test01b: 2.50
Thời gian ≈ 0.014831425 giây
PASSED!
user65‣SSVALUE‣Test01c: 2.50
Thời gian ≈ 0.017690490 giây
PASSED!
user65‣SSVALUE‣Test01y: 2.50
Thời gian ≈ 0.014650091 giây
PASSED!
user65‣SSVALUE‣Test02a: 2.50
Thời gian ≈ 0.014225005 giây
PASSED!
user65‣SSVALUE‣Test02b: 2.50
Thời gian ≈ 0.014059869 giây
PASSED!
user65‣SSVALUE‣Test02c: 2.50
Thời gian ≈ 0.014492857 giây
PASSED!
user65‣SSVALUE‣Test02y: 2.50
Thời gian ≈ 0.017620564 giây
PASSED!
user65‣SSVALUE‣Test03a: 2.50
Thời gian ≈ 0.015016314 giây
PASSED!
user65‣SSVALUE‣Test03b: 2.50
Thời gian ≈ 0.016933156 giây
PASSED!
user65‣SSVALUE‣Test03c: 2.50
Thời gian ≈ 0.043156594 giây
PASSED!
user65‣SSVALUE‣Test03y: 2.50
Thời gian ≈ 0.016995181 giây
PASSED!
user65‣SSVALUE‣Test04a: 2.50
Thời gian ≈ 0.024163979 giây
PASSED!
user65‣SSVALUE‣Test04b: 2.50
Thời gian ≈ 0.023270744 giây
PASSED!
user65‣SSVALUE‣Test04c: 2.50
Thời gian ≈ 0.028129614 giây
PASSED!
user65‣SSVALUE‣Test04y: 2.50
Thời gian ≈ 0.217148702 giây
PASSED!
user65‣SSVALUE‣Test05a: 2.50
Thời gian ≈ 0.024367831 giây
PASSED!
user65‣SSVALUE‣Test05b: 2.50
Thời gian ≈ 0.032290409 giây
PASSED!
user65‣SSVALUE‣Test05c: 2.50
Thời gian ≈ 0.030604678 giây
PASSED!
user65‣SSVALUE‣Test06a: 2.50
Thời gian ≈ 0.030677765 giây
PASSED!
user65‣SSVALUE‣Test06b: 2.50
Thời gian ≈ 0.070366503 giây
PASSED!
user65‣SSVALUE‣Test06c: 2.50
Thời gian ≈ 0.046692401 giây
PASSED!
user65‣SSVALUE‣Test07a: 2.50
Thời gian ≈ 0.031027790 giây
PASSED!
user65‣SSVALUE‣Test07b: 2.50
Thời gian ≈ 0.033713423 giây
PASSED!
user65‣SSVALUE‣Test07c: 2.50
Thời gian ≈ 0.043674126 giây
PASSED!
user65‣SSVALUE‣Test08a: 2.50
Thời gian ≈ 0.063131729 giây
PASSED!
user65‣SSVALUE‣Test08b: 2.50
Thời gian ≈ 0.059838096 giây
PASSED!
user65‣SSVALUE‣Test08c: 2.50
Thời gian ≈ 0.081374911 giây
PASSED!
user65‣SSVALUE‣Test09a: 2.50
Thời gian ≈ 0.142886885 giây
PASSED!
user65‣SSVALUE‣Test09b: 2.50
Thời gian ≈ 0.145202740 giây
PASSED!
user65‣SSVALUE‣Test09c: 2.50
Thời gian ≈ 0.170675560 giây
PASSED!
user65‣SSVALUE‣Test10a: 2.50
Thời gian ≈ 0.146621803 giây
PASSED!
user65‣SSVALUE‣Test10b: 2.50
Thời gian ≈ 0.188164174 giây
PASSED!
user65‣SSVALUE‣Test10c: 2.50
Thời gian ≈ 0.181622734 giây
PASSED!
user65‣SSVALUE‣Test11a: 2.50
Thời gian ≈ 0.266785501 giây
PASSED!
user65‣SSVALUE‣Test11b: 2.50
Thời gian ≈ 0.222401054 giây
PASSED!
user65‣SSVALUE‣Test11c: 2.50
Thời gian ≈ 0.260301741 giây
PASSED!
user65‣SSVALUE‣Test12a: 2.50
Thời gian ≈ 0.268398935 giây
PASSED!
user65‣SSVALUE‣Test12b: 2.50
Thời gian ≈ 0.269353406 giây
PASSED!
user65‣SSVALUE‣Test12c: 2.50
Thời gian ≈ 0.184835775 giây
PASSED!
