user65‣PERIOD: 100.00
PERIOD.cpp
Dịch thành công

user65‣PERIOD‣test01: 6.00
Thời gian ≈ 0.016101550 giây
Kết quả khớp đáp án!
user65‣PERIOD‣test02: 6.00
Thời gian ≈ 0.015425599 giây
Kết quả khớp đáp án!
user65‣PERIOD‣test03: 6.00
Thời gian ≈ 0.015681599 giây
Kết quả khớp đáp án!
user65‣PERIOD‣test04: 6.00
Thời gian ≈ 0.016144217 giây
Kết quả khớp đáp án!
user65‣PERIOD‣test05: 6.00
Thời gian ≈ 0.015439031 giây
Kết quả khớp đáp án!
user65‣PERIOD‣test06: 5.00
Thời gian ≈ 0.015664216 giây
Kết quả khớp đáp án!
user65‣PERIOD‣test07: 5.00
Thời gian ≈ 0.015118635 giây
Kết quả khớp đáp án!
user65‣PERIOD‣test08: 5.00
Thời gian ≈ 0.015918241 giây
Kết quả khớp đáp án!
user65‣PERIOD‣test09: 5.00
Thời gian ≈ 0.037503254 giây
Kết quả khớp đáp án!
user65‣PERIOD‣test10: 5.00
Thời gian ≈ 0.021497704 giây
Kết quả khớp đáp án!
user65‣PERIOD‣test11: 5.00
Thời gian ≈ 0.025573956 giây
Kết quả khớp đáp án!
user65‣PERIOD‣test12: 5.00
Thời gian ≈ 0.018049207 giây
Kết quả khớp đáp án!
user65‣PERIOD‣test13: 5.00
Thời gian ≈ 0.018278738 giây
Kết quả khớp đáp án!
user65‣PERIOD‣test14: 5.00
Thời gian ≈ 0.022091088 giây
Kết quả khớp đáp án!
user65‣PERIOD‣test15: 5.00
Thời gian ≈ 0.026872921 giây
Kết quả khớp đáp án!
user65‣PERIOD‣test16: 5.00
Thời gian ≈ 0.021392223 giây
Kết quả khớp đáp án!
user65‣PERIOD‣test17: 5.00
Thời gian ≈ 0.019164467 giây
Kết quả khớp đáp án!
user65‣PERIOD‣test18: 5.00
Thời gian ≈ 0.023939584 giây
Kết quả khớp đáp án!
user65‣PERIOD‣test19: 5.00
Thời gian ≈ 0.026157858 giây
Kết quả khớp đáp án!
