user55‣PERIOD: 100.00
PERIOD.cpp
Dịch thành công

user55‣PERIOD‣test01: 6.00
Thời gian ≈ 0.015692266 giây
Kết quả khớp đáp án!
user55‣PERIOD‣test02: 6.00
Thời gian ≈ 0.017283181 giây
Kết quả khớp đáp án!
user55‣PERIOD‣test03: 6.00
Thời gian ≈ 0.017730391 giây
Kết quả khớp đáp án!
user55‣PERIOD‣test04: 6.00
Thời gian ≈ 0.016060859 giây
Kết quả khớp đáp án!
user55‣PERIOD‣test05: 6.00
Thời gian ≈ 0.016284069 giây
Kết quả khớp đáp án!
user55‣PERIOD‣test06: 5.00
Thời gian ≈ 0.016725353 giây
Kết quả khớp đáp án!
user55‣PERIOD‣test07: 5.00
Thời gian ≈ 0.016303427 giây
Kết quả khớp đáp án!
user55‣PERIOD‣test08: 5.00
Thời gian ≈ 0.018030244 giây
Kết quả khớp đáp án!
user55‣PERIOD‣test09: 5.00
Thời gian ≈ 0.044111460 giây
Kết quả khớp đáp án!
user55‣PERIOD‣test10: 5.00
Thời gian ≈ 0.032284483 giây
Kết quả khớp đáp án!
user55‣PERIOD‣test11: 5.00
Thời gian ≈ 0.045834326 giây
Kết quả khớp đáp án!
user55‣PERIOD‣test12: 5.00
Thời gian ≈ 0.019918246 giây
Kết quả khớp đáp án!
user55‣PERIOD‣test13: 5.00
Thời gian ≈ 0.026432821 giây
Kết quả khớp đáp án!
user55‣PERIOD‣test14: 5.00
Thời gian ≈ 0.033135447 giây
Kết quả khớp đáp án!
user55‣PERIOD‣test15: 5.00
Thời gian ≈ 0.044207855 giây
Kết quả khớp đáp án!
user55‣PERIOD‣test16: 5.00
Thời gian ≈ 0.024588276 giây
Kết quả khớp đáp án!
user55‣PERIOD‣test17: 5.00
Thời gian ≈ 0.026554896 giây
Kết quả khớp đáp án!
user55‣PERIOD‣test18: 5.00
Thời gian ≈ 0.035059795 giây
Kết quả khớp đáp án!
user55‣PERIOD‣test19: 5.00
Thời gian ≈ 0.043706521 giây
Kết quả khớp đáp án!
