2018-11-10 08:30:49 756 [Note] Plugin 'FEDERATED' is disabled.
2018-11-10 08:30:50 756 [Note] InnoDB: Using atomics to ref count buffer pool pages
2018-11-10 08:30:50 756 [Note] InnoDB: The InnoDB memory heap is disabled
2018-11-10 08:30:50 756 [Note] InnoDB: Mutexes and rw_locks use Windows interlocked functions
2018-11-10 08:30:50 756 [Note] InnoDB: Memory barrier is not used
2018-11-10 08:30:50 756 [Note] InnoDB: Compressed tables use zlib 1.2.3
2018-11-10 08:30:50 756 [Note] InnoDB: Not using CPU crc32 instructions
2018-11-10 08:30:50 756 [Note] InnoDB: Initializing buffer pool, size = 32.0M
2018-11-10 08:30:50 756 [Note] InnoDB: Completed initialization of buffer pool
2018-11-10 08:30:50 756 [Note] InnoDB: Highest supported file format is Barracuda.
2018-11-10 08:30:51 756 [Note] InnoDB: 128 rollback segment(s) are active.
2018-11-10 08:30:51 756 [Note] InnoDB: Waiting for purge to start
2018-11-10 08:30:51 756 [Note] InnoDB: 5.6.35 started; log sequence number 1771182
2018-11-10 08:30:51 756 [Warning] No existing UUID has been found, so we assume that this is the first time that this server has been started. Generating a new UUID: 422eb7c7-e488-11e8-afbe-e4029bea71f7.
2018-11-10 08:30:51 756 [Note] Server hostname (bind-address): '127.0.0.1'; port: 3306
2018-11-10 08:30:51 756 [Note]   - '127.0.0.1' resolves to '127.0.0.1';
2018-11-10 08:30:51 756 [Note] Server socket created on IP: '127.0.0.1'.
2018-11-10 08:30:53 756 [Note] Event Scheduler: Loaded 0 events
2018-11-10 08:30:53 756 [Note] Execution of init_file 'D:\Themis\JUDGER\core\mysql\bin\mysql-init.txt' started.
2018-11-10 08:30:53 756 [Note] Execution of init_file 'D:\Themis\JUDGER\core\mysql\bin\mysql-init.txt' ended.
2018-11-10 08:30:53 756 [Note] D:\Themis\JUDGER\core\mysql\bin\mysqld_z.exe: ready for connections.
Version: '5.6.35'  socket: ''  port: 3306  MySQL Community Server (GPL)
2018-11-10 08:31:05 7888 [Note] Plugin 'FEDERATED' is disabled.
2018-11-10 08:31:05 7888 [Note] InnoDB: Using atomics to ref count buffer pool pages
2018-11-10 08:31:05 7888 [Note] InnoDB: The InnoDB memory heap is disabled
2018-11-10 08:31:05 7888 [Note] InnoDB: Mutexes and rw_locks use Windows interlocked functions
2018-11-10 08:31:05 7888 [Note] InnoDB: Memory barrier is not used
2018-11-10 08:31:05 7888 [Note] InnoDB: Compressed tables use zlib 1.2.3
2018-11-10 08:31:05 7888 [Note] InnoDB: Not using CPU crc32 instructions
2018-11-10 08:31:05 7888 [Note] InnoDB: Initializing buffer pool, size = 32.0M
2018-11-10 08:31:05 7888 [Note] InnoDB: Completed initialization of buffer pool
2018-11-10 08:31:05 7888 [Note] InnoDB: Highest supported file format is Barracuda.
2018-11-10 08:31:05 7888 [Note] InnoDB: The log sequence numbers 1771182 and 1771182 in ibdata files do not match the log sequence number 1771192 in the ib_logfiles!
2018-11-10 08:31:05 7888 [Note] InnoDB: Database was not shutdown normally!
2018-11-10 08:31:05 7888 [Note] InnoDB: Starting crash recovery.
2018-11-10 08:31:05 7888 [Note] InnoDB: Reading tablespace information from the .ibd files...
2018-11-10 08:31:05 7888 [Note] InnoDB: Restoring possible half-written data pages 
2018-11-10 08:31:05 7888 [Note] InnoDB: from the doublewrite buffer...
2018-11-10 08:31:06 7888 [Note] InnoDB: 128 rollback segment(s) are active.
2018-11-10 08:31:06 7888 [Note] InnoDB: Waiting for purge to start
2018-11-10 08:31:06 7888 [Note] InnoDB: 5.6.35 started; log sequence number 1771192
2018-11-10 08:31:06 7888 [Note] Server hostname (bind-address): '127.0.0.1'; port: 3306
2018-11-10 08:31:06 7888 [Note]   - '127.0.0.1' resolves to '127.0.0.1';
2018-11-10 08:31:06 7888 [Note] Server socket created on IP: '127.0.0.1'.
2018-11-10 08:31:06 7888 [Note] Event Scheduler: Loaded 0 events
2018-11-10 08:31:06 7888 [Note] D:\Themis\JUDGER\core\mysql\bin\mysqld_z.exe: ready for connections.
Version: '5.6.35'  socket: ''  port: 3306  MySQL Community Server (GPL)
2018-11-10 08:33:46 7888 [Note] D:\Themis\JUDGER\core\mysql\bin\mysqld_z.exe: Normal shutdown

2018-11-10 08:33:46 7888 [Note] Giving 0 client threads a chance to die gracefully
2018-11-10 08:33:46 7888 [Note] Event Scheduler: Purging the queue. 0 events
2018-11-10 08:33:46 7888 [Note] Shutting down slave threads
2018-11-10 08:33:46 7888 [Note] Forcefully disconnecting 0 remaining clients
2018-11-10 08:33:46 7888 [Note] Binlog end
2018-11-10 08:33:46 7888 [Note] Shutting down plugin 'partition'
2018-11-10 08:33:46 7888 [Note] Shutting down plugin 'PERFORMANCE_SCHEMA'
2018-11-10 08:33:46 7888 [Note] Shutting down plugin 'INNODB_SYS_DATAFILES'
2018-11-10 08:33:46 7888 [Note] Shutting down plugin 'INNODB_SYS_TABLESPACES'
2018-11-10 08:33:46 7888 [Note] Shutting down plugin 'INNODB_SYS_FOREIGN_COLS'
2018-11-10 08:33:46 7888 [Note] Shutting down plugin 'INNODB_SYS_FOREIGN'
2018-11-10 08:33:46 7888 [Note] Shutting down plugin 'INNODB_SYS_FIELDS'
2018-11-10 08:33:46 7888 [Note] Shutting down plugin 'INNODB_SYS_COLUMNS'
2018-11-10 08:33:46 7888 [Note] Shutting down plugin 'INNODB_SYS_INDEXES'
2018-11-10 08:33:46 7888 [Note] Shutting down plugin 'INNODB_SYS_TABLESTATS'
2018-11-10 08:33:46 7888 [Note] Shutting down plugin 'INNODB_SYS_TABLES'
2018-11-10 08:33:46 7888 [Note] Shutting down plugin 'INNODB_FT_INDEX_TABLE'
2018-11-10 08:33:46 7888 [Note] Shutting down plugin 'INNODB_FT_INDEX_CACHE'
2018-11-10 08:33:46 7888 [Note] Shutting down plugin 'INNODB_FT_CONFIG'
2018-11-10 08:33:46 7888 [Note] Shutting down plugin 'INNODB_FT_BEING_DELETED'
2018-11-10 08:33:46 7888 [Note] Shutting down plugin 'INNODB_FT_DELETED'
2018-11-10 08:33:46 7888 [Note] Shutting down plugin 'INNODB_FT_DEFAULT_STOPWORD'
2018-11-10 08:33:46 7888 [Note] Shutting down plugin 'INNODB_METRICS'
2018-11-10 08:33:46 7888 [Note] Shutting down plugin 'INNODB_BUFFER_POOL_STATS'
2018-11-10 08:33:46 7888 [Note] Shutting down plugin 'INNODB_BUFFER_PAGE_LRU'
2018-11-10 08:33:46 7888 [Note] Shutting down plugin 'INNODB_BUFFER_PAGE'
2018-11-10 08:33:46 7888 [Note] Shutting down plugin 'INNODB_CMP_PER_INDEX_RESET'
2018-11-10 08:33:46 7888 [Note] Shutting down plugin 'INNODB_CMP_PER_INDEX'
2018-11-10 08:33:46 7888 [Note] Shutting down plugin 'INNODB_CMPMEM_RESET'
2018-11-10 08:33:46 7888 [Note] Shutting down plugin 'INNODB_CMPMEM'
2018-11-10 08:33:46 7888 [Note] Shutting down plugin 'INNODB_CMP_RESET'
2018-11-10 08:33:46 7888 [Note] Shutting down plugin 'INNODB_CMP'
2018-11-10 08:33:46 7888 [Note] Shutting down plugin 'INNODB_LOCK_WAITS'
2018-11-10 08:33:46 7888 [Note] Shutting down plugin 'INNODB_LOCKS'
2018-11-10 08:33:46 7888 [Note] Shutting down plugin 'INNODB_TRX'
2018-11-10 08:33:46 7888 [Note] Shutting down plugin 'InnoDB'
2018-11-10 08:33:46 7888 [Note] InnoDB: FTS optimize thread exiting.
2018-11-10 08:33:46 7888 [Note] InnoDB: Starting shutdown...
2018-11-10 08:33:47 7888 [Note] InnoDB: Shutdown completed; log sequence number 1771202
2018-11-10 08:33:47 7888 [Note] Shutting down plugin 'BLACKHOLE'
2018-11-10 08:33:47 7888 [Note] Shutting down plugin 'ARCHIVE'
2018-11-10 08:33:47 7888 [Note] Shutting down plugin 'MRG_MYISAM'
2018-11-10 08:33:47 7888 [Note] Shutting down plugin 'MyISAM'
2018-11-10 08:33:47 7888 [Note] Shutting down plugin 'MEMORY'
2018-11-10 08:33:47 7888 [Note] Shutting down plugin 'CSV'
2018-11-10 08:33:47 7888 [Note] Shutting down plugin 'sha256_password'
2018-11-10 08:33:47 7888 [Note] Shutting down plugin 'mysql_old_password'
2018-11-10 08:33:47 7888 [Note] Shutting down plugin 'mysql_native_password'
2018-11-10 08:33:47 7888 [Note] Shutting down plugin 'binlog'
2018-11-10 08:33:47 7888 [Note] D:\Themis\JUDGER\core\mysql\bin\mysqld_z.exe: Shutdown complete

2018-11-10 08:33:47 4364 [Note] Plugin 'FEDERATED' is disabled.
2018-11-10 08:33:47 4364 [Note] InnoDB: Using atomics to ref count buffer pool pages
2018-11-10 08:33:47 4364 [Note] InnoDB: The InnoDB memory heap is disabled
2018-11-10 08:33:47 4364 [Note] InnoDB: Mutexes and rw_locks use Windows interlocked functions
2018-11-10 08:33:47 4364 [Note] InnoDB: Memory barrier is not used
2018-11-10 08:33:47 4364 [Note] InnoDB: Compressed tables use zlib 1.2.3
2018-11-10 08:33:47 4364 [Note] InnoDB: Not using CPU crc32 instructions
2018-11-10 08:33:47 4364 [Note] InnoDB: Initializing buffer pool, size = 32.0M
2018-11-10 08:33:47 4364 [Note] InnoDB: Completed initialization of buffer pool
2018-11-10 08:33:47 4364 [Note] InnoDB: Highest supported file format is Barracuda.
2018-11-10 08:33:48 4364 [Note] InnoDB: 128 rollback segment(s) are active.
2018-11-10 08:33:48 4364 [Note] InnoDB: Waiting for purge to start
2018-11-10 08:33:48 4364 [Note] InnoDB: 5.6.35 started; log sequence number 1771202
2018-11-10 08:33:48 4364 [Note] Server hostname (bind-address): '127.0.0.1'; port: 3306
2018-11-10 08:33:48 4364 [Note]   - '127.0.0.1' resolves to '127.0.0.1';
2018-11-10 08:33:48 4364 [Note] Server socket created on IP: '127.0.0.1'.
2018-11-10 08:33:48 4364 [Note] Event Scheduler: Loaded 0 events
2018-11-10 08:33:48 4364 [Note] D:\Themis\JUDGER\core\mysql\bin\mysqld_z.exe: ready for connections.
Version: '5.6.35'  socket: ''  port: 3306  MySQL Community Server (GPL)
2018-11-10 08:33:48 4364 [Note] D:\Themis\JUDGER\core\mysql\bin\mysqld_z.exe: Normal shutdown

2018-11-10 08:33:48 4364 [Note] Giving 0 client threads a chance to die gracefully
2018-11-10 08:33:48 4364 [Note] Event Scheduler: Purging the queue. 0 events
2018-11-10 08:33:48 4364 [Note] Shutting down slave threads
2018-11-10 08:33:48 4364 [Note] Forcefully disconnecting 0 remaining clients
2018-11-10 08:33:48 4364 [Note] Binlog end
2018-11-10 08:33:48 4364 [Note] Shutting down plugin 'partition'
2018-11-10 08:33:48 4364 [Note] Shutting down plugin 'PERFORMANCE_SCHEMA'
2018-11-10 08:33:48 4364 [Note] Shutting down plugin 'INNODB_SYS_DATAFILES'
2018-11-10 08:33:48 4364 [Note] Shutting down plugin 'INNODB_SYS_TABLESPACES'
2018-11-10 08:33:48 4364 [Note] Shutting down plugin 'INNODB_SYS_FOREIGN_COLS'
2018-11-10 08:33:48 4364 [Note] Shutting down plugin 'INNODB_SYS_FOREIGN'
2018-11-10 08:33:48 4364 [Note] Shutting down plugin 'INNODB_SYS_FIELDS'
2018-11-10 08:33:48 4364 [Note] Shutting down plugin 'INNODB_SYS_COLUMNS'
2018-11-10 08:33:48 4364 [Note] Shutting down plugin 'INNODB_SYS_INDEXES'
2018-11-10 08:33:48 4364 [Note] Shutting down plugin 'INNODB_SYS_TABLESTATS'
2018-11-10 08:33:48 4364 [Note] Shutting down plugin 'INNODB_SYS_TABLES'
2018-11-10 08:33:48 4364 [Note] Shutting down plugin 'INNODB_FT_INDEX_TABLE'
2018-11-10 08:33:48 4364 [Note] Shutting down plugin 'INNODB_FT_INDEX_CACHE'
2018-11-10 08:33:48 4364 [Note] Shutting down plugin 'INNODB_FT_CONFIG'
2018-11-10 08:33:48 4364 [Note] Shutting down plugin 'INNODB_FT_BEING_DELETED'
2018-11-10 08:33:48 4364 [Note] Shutting down plugin 'INNODB_FT_DELETED'
2018-11-10 08:33:48 4364 [Note] Shutting down plugin 'INNODB_FT_DEFAULT_STOPWORD'
2018-11-10 08:33:48 4364 [Note] Shutting down plugin 'INNODB_METRICS'
2018-11-10 08:33:48 4364 [Note] Shutting down plugin 'INNODB_BUFFER_POOL_STATS'
2018-11-10 08:33:48 4364 [Note] Shutting down plugin 'INNODB_BUFFER_PAGE_LRU'
2018-11-10 08:33:48 4364 [Note] Shutting down plugin 'INNODB_BUFFER_PAGE'
2018-11-10 08:33:48 4364 [Note] Shutting down plugin 'INNODB_CMP_PER_INDEX_RESET'
2018-11-10 08:33:48 4364 [Note] Shutting down plugin 'INNODB_CMP_PER_INDEX'
2018-11-10 08:33:48 4364 [Note] Shutting down plugin 'INNODB_CMPMEM_RESET'
2018-11-10 08:33:48 4364 [Note] Shutting down plugin 'INNODB_CMPMEM'
2018-11-10 08:33:48 4364 [Note] Shutting down plugin 'INNODB_CMP_RESET'
2018-11-10 08:33:48 4364 [Note] Shutting down plugin 'INNODB_CMP'
2018-11-10 08:33:48 4364 [Note] Shutting down plugin 'INNODB_LOCK_WAITS'
2018-11-10 08:33:48 4364 [Note] Shutting down plugin 'INNODB_LOCKS'
2018-11-10 08:33:48 4364 [Note] Shutting down plugin 'INNODB_TRX'
2018-11-10 08:33:48 4364 [Note] Shutting down plugin 'InnoDB'
2018-11-10 08:33:48 4364 [Note] InnoDB: FTS optimize thread exiting.
2018-11-10 08:33:48 4364 [Note] InnoDB: Starting shutdown...
2018-11-10 08:33:49 4364 [Note] InnoDB: Shutdown completed; log sequence number 1771212
2018-11-10 08:33:49 4364 [Note] Shutting down plugin 'BLACKHOLE'
2018-11-10 08:33:49 4364 [Note] Shutting down plugin 'ARCHIVE'
2018-11-10 08:33:49 4364 [Note] Shutting down plugin 'MRG_MYISAM'
2018-11-10 08:33:49 4364 [Note] Shutting down plugin 'MyISAM'
2018-11-10 08:33:49 4364 [Note] Shutting down plugin 'MEMORY'
2018-11-10 08:33:49 4364 [Note] Shutting down plugin 'CSV'
2018-11-10 08:33:49 4364 [Note] Shutting down plugin 'sha256_password'
2018-11-10 08:33:49 4364 [Note] Shutting down plugin 'mysql_old_password'
2018-11-10 08:33:49 4364 [Note] Shutting down plugin 'mysql_native_password'
2018-11-10 08:33:49 4364 [Note] Shutting down plugin 'binlog'
2018-11-10 08:33:49 4364 [Note] D:\Themis\JUDGER\core\mysql\bin\mysqld_z.exe: Shutdown complete

2018-11-10 08:35:17 1380 [Note] Plugin 'FEDERATED' is disabled.
2018-11-10 08:35:17 1380 [Note] InnoDB: Using atomics to ref count buffer pool pages
2018-11-10 08:35:17 1380 [Note] InnoDB: The InnoDB memory heap is disabled
2018-11-10 08:35:17 1380 [Note] InnoDB: Mutexes and rw_locks use Windows interlocked functions
2018-11-10 08:35:17 1380 [Note] InnoDB: Memory barrier is not used
2018-11-10 08:35:17 1380 [Note] InnoDB: Compressed tables use zlib 1.2.3
2018-11-10 08:35:17 1380 [Note] InnoDB: Not using CPU crc32 instructions
2018-11-10 08:35:17 1380 [Note] InnoDB: Initializing buffer pool, size = 32.0M
2018-11-10 08:35:17 1380 [Note] InnoDB: Completed initialization of buffer pool
2018-11-10 08:35:17 1380 [Note] InnoDB: Highest supported file format is Barracuda.
2018-11-10 08:35:17 1380 [Note] InnoDB: 128 rollback segment(s) are active.
2018-11-10 08:35:17 1380 [Note] InnoDB: Waiting for purge to start
2018-11-10 08:35:17 1380 [Note] InnoDB: 5.6.35 started; log sequence number 1771212
2018-11-10 08:35:17 1380 [Note] Server hostname (bind-address): '127.0.0.1'; port: 3306
2018-11-10 08:35:17 1380 [Note]   - '127.0.0.1' resolves to '127.0.0.1';
2018-11-10 08:35:17 1380 [Note] Server socket created on IP: '127.0.0.1'.
2018-11-10 08:35:17 1380 [Note] Event Scheduler: Loaded 0 events
2018-11-10 08:35:17 1380 [Note] D:\Themis\JUDGER\core\mysql\bin\mysqld_z.exe: ready for connections.
Version: '5.6.35'  socket: ''  port: 3306  MySQL Community Server (GPL)
2018-11-10 09:16:30 1380 [Note] D:\Themis\JUDGER\core\mysql\bin\mysqld_z.exe: Normal shutdown

2018-11-10 09:16:30 1380 [Note] Giving 0 client threads a chance to die gracefully
2018-11-10 09:16:30 1380 [Note] Event Scheduler: Purging the queue. 0 events
2018-11-10 09:16:30 1380 [Note] Shutting down slave threads
2018-11-10 09:16:30 1380 [Note] Forcefully disconnecting 0 remaining clients
2018-11-10 09:16:30 1380 [Note] Binlog end
2018-11-10 09:16:30 1380 [Note] Shutting down plugin 'partition'
2018-11-10 09:16:30 1380 [Note] Shutting down plugin 'PERFORMANCE_SCHEMA'
2018-11-10 09:16:30 1380 [Note] Shutting down plugin 'INNODB_SYS_DATAFILES'
2018-11-10 09:16:30 1380 [Note] Shutting down plugin 'INNODB_SYS_TABLESPACES'
2018-11-10 09:16:30 1380 [Note] Shutting down plugin 'INNODB_SYS_FOREIGN_COLS'
2018-11-10 09:16:30 1380 [Note] Shutting down plugin 'INNODB_SYS_FOREIGN'
2018-11-10 09:16:30 1380 [Note] Shutting down plugin 'INNODB_SYS_FIELDS'
2018-11-10 09:16:30 1380 [Note] Shutting down plugin 'INNODB_SYS_COLUMNS'
2018-11-10 09:16:30 1380 [Note] Shutting down plugin 'INNODB_SYS_INDEXES'
2018-11-10 09:16:30 1380 [Note] Shutting down plugin 'INNODB_SYS_TABLESTATS'
2018-11-10 09:16:30 1380 [Note] Shutting down plugin 'INNODB_SYS_TABLES'
2018-11-10 09:16:30 1380 [Note] Shutting down plugin 'INNODB_FT_INDEX_TABLE'
2018-11-10 09:16:30 1380 [Note] Shutting down plugin 'INNODB_FT_INDEX_CACHE'
2018-11-10 09:16:30 1380 [Note] Shutting down plugin 'INNODB_FT_CONFIG'
2018-11-10 09:16:30 1380 [Note] Shutting down plugin 'INNODB_FT_BEING_DELETED'
2018-11-10 09:16:30 1380 [Note] Shutting down plugin 'INNODB_FT_DELETED'
2018-11-10 09:16:30 1380 [Note] Shutting down plugin 'INNODB_FT_DEFAULT_STOPWORD'
2018-11-10 09:16:30 1380 [Note] Shutting down plugin 'INNODB_METRICS'
2018-11-10 09:16:30 1380 [Note] Shutting down plugin 'INNODB_BUFFER_POOL_STATS'
2018-11-10 09:16:30 1380 [Note] Shutting down plugin 'INNODB_BUFFER_PAGE_LRU'
2018-11-10 09:16:30 1380 [Note] Shutting down plugin 'INNODB_BUFFER_PAGE'
2018-11-10 09:16:30 1380 [Note] Shutting down plugin 'INNODB_CMP_PER_INDEX_RESET'
2018-11-10 09:16:30 1380 [Note] Shutting down plugin 'INNODB_CMP_PER_INDEX'
2018-11-10 09:16:30 1380 [Note] Shutting down plugin 'INNODB_CMPMEM_RESET'
2018-11-10 09:16:30 1380 [Note] Shutting down plugin 'INNODB_CMPMEM'
2018-11-10 09:16:30 1380 [Note] Shutting down plugin 'INNODB_CMP_RESET'
2018-11-10 09:16:30 1380 [Note] Shutting down plugin 'INNODB_CMP'
2018-11-10 09:16:30 1380 [Note] Shutting down plugin 'INNODB_LOCK_WAITS'
2018-11-10 09:16:30 1380 [Note] Shutting down plugin 'INNODB_LOCKS'
2018-11-10 09:16:30 1380 [Note] Shutting down plugin 'INNODB_TRX'
2018-11-10 09:16:30 1380 [Note] Shutting down plugin 'InnoDB'
2018-11-10 09:16:30 1380 [Note] InnoDB: FTS optimize thread exiting.
2018-11-10 09:16:30 1380 [Note] InnoDB: Starting shutdown...
2018-11-10 09:16:31 1380 [Note] InnoDB: Shutdown completed; log sequence number 1771222
2018-11-10 09:16:31 1380 [Note] Shutting down plugin 'BLACKHOLE'
2018-11-10 09:16:31 1380 [Note] Shutting down plugin 'ARCHIVE'
2018-11-10 09:16:31 1380 [Note] Shutting down plugin 'MRG_MYISAM'
2018-11-10 09:16:31 1380 [Note] Shutting down plugin 'MyISAM'
2018-11-10 09:16:31 1380 [Note] Shutting down plugin 'MEMORY'
2018-11-10 09:16:31 1380 [Note] Shutting down plugin 'CSV'
2018-11-10 09:16:31 1380 [Note] Shutting down plugin 'sha256_password'
2018-11-10 09:16:31 1380 [Note] Shutting down plugin 'mysql_old_password'
2018-11-10 09:16:31 1380 [Note] Shutting down plugin 'mysql_native_password'
2018-11-10 09:16:31 1380 [Note] Shutting down plugin 'binlog'
2018-11-10 09:16:31 1380 [Note] D:\Themis\JUDGER\core\mysql\bin\mysqld_z.exe: Shutdown complete

2018-11-10 09:58:41 1860 [Note] Plugin 'FEDERATED' is disabled.
2018-11-10 09:58:41 1860 [Note] InnoDB: Using atomics to ref count buffer pool pages
2018-11-10 09:58:41 1860 [Note] InnoDB: The InnoDB memory heap is disabled
2018-11-10 09:58:41 1860 [Note] InnoDB: Mutexes and rw_locks use Windows interlocked functions
2018-11-10 09:58:41 1860 [Note] InnoDB: Memory barrier is not used
2018-11-10 09:58:41 1860 [Note] InnoDB: Compressed tables use zlib 1.2.3
2018-11-10 09:58:41 1860 [Note] InnoDB: Not using CPU crc32 instructions
2018-11-10 09:58:41 1860 [Note] InnoDB: Initializing buffer pool, size = 32.0M
2018-11-10 09:58:41 1860 [Note] InnoDB: Completed initialization of buffer pool
2018-11-10 09:58:41 1860 [Note] InnoDB: Highest supported file format is Barracuda.
2018-11-10 09:58:42 1860 [Note] InnoDB: 128 rollback segment(s) are active.
2018-11-10 09:58:42 1860 [Note] InnoDB: Waiting for purge to start
2018-11-10 09:58:42 1860 [Note] InnoDB: 5.6.35 started; log sequence number 1771222
2018-11-10 09:58:42 1860 [Note] Server hostname (bind-address): '127.0.0.1'; port: 3306
2018-11-10 09:58:42 1860 [Note]   - '127.0.0.1' resolves to '127.0.0.1';
2018-11-10 09:58:42 1860 [Note] Server socket created on IP: '127.0.0.1'.
2018-11-10 09:58:42 1860 [Note] Event Scheduler: Loaded 0 events
2018-11-10 09:58:42 1860 [Note] D:\Themis\JUDGER\core\mysql\bin\mysqld_z.exe: ready for connections.
Version: '5.6.35'  socket: ''  port: 3306  MySQL Community Server (GPL)
2018-11-10 10:07:26 1860 [Note] D:\Themis\JUDGER\core\mysql\bin\mysqld_z.exe: Normal shutdown

2018-11-10 10:07:26 1860 [Note] Giving 0 client threads a chance to die gracefully
2018-11-10 10:07:26 1860 [Note] Event Scheduler: Purging the queue. 0 events
2018-11-10 10:07:26 1860 [Note] Shutting down slave threads
2018-11-10 10:07:26 1860 [Note] Forcefully disconnecting 0 remaining clients
2018-11-10 10:07:26 1860 [Note] Binlog end
2018-11-10 10:07:26 1860 [Note] Shutting down plugin 'partition'
2018-11-10 10:07:26 1860 [Note] Shutting down plugin 'PERFORMANCE_SCHEMA'
2018-11-10 10:07:26 1860 [Note] Shutting down plugin 'INNODB_SYS_DATAFILES'
2018-11-10 10:07:26 1860 [Note] Shutting down plugin 'INNODB_SYS_TABLESPACES'
2018-11-10 10:07:26 1860 [Note] Shutting down plugin 'INNODB_SYS_FOREIGN_COLS'
2018-11-10 10:07:26 1860 [Note] Shutting down plugin 'INNODB_SYS_FOREIGN'
2018-11-10 10:07:26 1860 [Note] Shutting down plugin 'INNODB_SYS_FIELDS'
2018-11-10 10:07:26 1860 [Note] Shutting down plugin 'INNODB_SYS_COLUMNS'
2018-11-10 10:07:26 1860 [Note] Shutting down plugin 'INNODB_SYS_INDEXES'
2018-11-10 10:07:26 1860 [Note] Shutting down plugin 'INNODB_SYS_TABLESTATS'
2018-11-10 10:07:26 1860 [Note] Shutting down plugin 'INNODB_SYS_TABLES'
2018-11-10 10:07:26 1860 [Note] Shutting down plugin 'INNODB_FT_INDEX_TABLE'
2018-11-10 10:07:26 1860 [Note] Shutting down plugin 'INNODB_FT_INDEX_CACHE'
2018-11-10 10:07:26 1860 [Note] Shutting down plugin 'INNODB_FT_CONFIG'
2018-11-10 10:07:26 1860 [Note] Shutting down plugin 'INNODB_FT_BEING_DELETED'
2018-11-10 10:07:26 1860 [Note] Shutting down plugin 'INNODB_FT_DELETED'
2018-11-10 10:07:26 1860 [Note] Shutting down plugin 'INNODB_FT_DEFAULT_STOPWORD'
2018-11-10 10:07:26 1860 [Note] Shutting down plugin 'INNODB_METRICS'
2018-11-10 10:07:26 1860 [Note] Shutting down plugin 'INNODB_BUFFER_POOL_STATS'
2018-11-10 10:07:26 1860 [Note] Shutting down plugin 'INNODB_BUFFER_PAGE_LRU'
2018-11-10 10:07:26 1860 [Note] Shutting down plugin 'INNODB_BUFFER_PAGE'
2018-11-10 10:07:26 1860 [Note] Shutting down plugin 'INNODB_CMP_PER_INDEX_RESET'
2018-11-10 10:07:26 1860 [Note] Shutting down plugin 'INNODB_CMP_PER_INDEX'
2018-11-10 10:07:26 1860 [Note] Shutting down plugin 'INNODB_CMPMEM_RESET'
2018-11-10 10:07:26 1860 [Note] Shutting down plugin 'INNODB_CMPMEM'
2018-11-10 10:07:26 1860 [Note] Shutting down plugin 'INNODB_CMP_RESET'
2018-11-10 10:07:26 1860 [Note] Shutting down plugin 'INNODB_CMP'
2018-11-10 10:07:26 1860 [Note] Shutting down plugin 'INNODB_LOCK_WAITS'
2018-11-10 10:07:26 1860 [Note] Shutting down plugin 'INNODB_LOCKS'
2018-11-10 10:07:26 1860 [Note] Shutting down plugin 'INNODB_TRX'
2018-11-10 10:07:26 1860 [Note] Shutting down plugin 'InnoDB'
2018-11-10 10:07:26 1860 [Note] InnoDB: FTS optimize thread exiting.
2018-11-10 10:07:26 1860 [Note] InnoDB: Starting shutdown...
2018-11-10 10:07:28 1860 [Note] InnoDB: Shutdown completed; log sequence number 1771232
2018-11-10 10:07:28 1860 [Note] Shutting down plugin 'BLACKHOLE'
2018-11-10 10:07:28 1860 [Note] Shutting down plugin 'ARCHIVE'
2018-11-10 10:07:28 1860 [Note] Shutting down plugin 'MRG_MYISAM'
2018-11-10 10:07:28 1860 [Note] Shutting down plugin 'MyISAM'
2018-11-10 10:07:28 1860 [Note] Shutting down plugin 'MEMORY'
2018-11-10 10:07:28 1860 [Note] Shutting down plugin 'CSV'
2018-11-10 10:07:28 1860 [Note] Shutting down plugin 'sha256_password'
2018-11-10 10:07:28 1860 [Note] Shutting down plugin 'mysql_old_password'
2018-11-10 10:07:28 1860 [Note] Shutting down plugin 'mysql_native_password'
2018-11-10 10:07:28 1860 [Note] Shutting down plugin 'binlog'
2018-11-10 10:07:28 1860 [Note] D:\Themis\JUDGER\core\mysql\bin\mysqld_z.exe: Shutdown complete

2018-11-10 10:08:10 7660 [Note] Plugin 'FEDERATED' is disabled.
2018-11-10 10:08:10 7660 [Note] InnoDB: Using atomics to ref count buffer pool pages
2018-11-10 10:08:10 7660 [Note] InnoDB: The InnoDB memory heap is disabled
2018-11-10 10:08:10 7660 [Note] InnoDB: Mutexes and rw_locks use Windows interlocked functions
2018-11-10 10:08:10 7660 [Note] InnoDB: Memory barrier is not used
2018-11-10 10:08:10 7660 [Note] InnoDB: Compressed tables use zlib 1.2.3
2018-11-10 10:08:10 7660 [Note] InnoDB: Not using CPU crc32 instructions
2018-11-10 10:08:10 7660 [Note] InnoDB: Initializing buffer pool, size = 32.0M
2018-11-10 10:08:10 7660 [Note] InnoDB: Completed initialization of buffer pool
2018-11-10 10:08:10 7660 [Note] InnoDB: Highest supported file format is Barracuda.
2018-11-10 10:08:11 7660 [Note] InnoDB: 128 rollback segment(s) are active.
2018-11-10 10:08:11 7660 [Note] InnoDB: Waiting for purge to start
2018-11-10 10:08:11 7660 [Note] InnoDB: 5.6.35 started; log sequence number 1771232
2018-11-10 10:08:11 7660 [Note] Server hostname (bind-address): '127.0.0.1'; port: 3306
2018-11-10 10:08:11 7660 [Note]   - '127.0.0.1' resolves to '127.0.0.1';
2018-11-10 10:08:11 7660 [Note] Server socket created on IP: '127.0.0.1'.
2018-11-10 10:08:11 7660 [Note] Event Scheduler: Loaded 0 events
2018-11-10 10:08:11 7660 [Note] D:\Themis\JUDGER\core\mysql\bin\mysqld_z.exe: ready for connections.
Version: '5.6.35'  socket: ''  port: 3306  MySQL Community Server (GPL)
2018-11-10 13:26:01 7660 [Note] D:\Themis\JUDGER\core\mysql\bin\mysqld_z.exe: Normal shutdown

2018-11-10 13:26:01 7660 [Note] Giving 0 client threads a chance to die gracefully
2018-11-10 13:26:01 7660 [Note] Event Scheduler: Purging the queue. 0 events
2018-11-10 13:26:01 7660 [Note] Shutting down slave threads
2018-11-10 13:26:01 7660 [Note] Forcefully disconnecting 0 remaining clients
2018-11-10 13:26:01 7660 [Note] Binlog end
2018-11-10 13:26:01 7660 [Note] Shutting down plugin 'partition'
2018-11-10 13:26:01 7660 [Note] Shutting down plugin 'PERFORMANCE_SCHEMA'
2018-11-10 13:26:01 7660 [Note] Shutting down plugin 'INNODB_SYS_DATAFILES'
2018-11-10 13:26:01 7660 [Note] Shutting down plugin 'INNODB_SYS_TABLESPACES'
2018-11-10 13:26:01 7660 [Note] Shutting down plugin 'INNODB_SYS_FOREIGN_COLS'
2018-11-10 13:26:01 7660 [Note] Shutting down plugin 'INNODB_SYS_FOREIGN'
2018-11-10 13:26:01 7660 [Note] Shutting down plugin 'INNODB_SYS_FIELDS'
2018-11-10 13:26:01 7660 [Note] Shutting down plugin 'INNODB_SYS_COLUMNS'
2018-11-10 13:26:01 7660 [Note] Shutting down plugin 'INNODB_SYS_INDEXES'
2018-11-10 13:26:01 7660 [Note] Shutting down plugin 'INNODB_SYS_TABLESTATS'
2018-11-10 13:26:01 7660 [Note] Shutting down plugin 'INNODB_SYS_TABLES'
2018-11-10 13:26:01 7660 [Note] Shutting down plugin 'INNODB_FT_INDEX_TABLE'
2018-11-10 13:26:01 7660 [Note] Shutting down plugin 'INNODB_FT_INDEX_CACHE'
2018-11-10 13:26:01 7660 [Note] Shutting down plugin 'INNODB_FT_CONFIG'
2018-11-10 13:26:01 7660 [Note] Shutting down plugin 'INNODB_FT_BEING_DELETED'
2018-11-10 13:26:01 7660 [Note] Shutting down plugin 'INNODB_FT_DELETED'
2018-11-10 13:26:01 7660 [Note] Shutting down plugin 'INNODB_FT_DEFAULT_STOPWORD'
2018-11-10 13:26:01 7660 [Note] Shutting down plugin 'INNODB_METRICS'
2018-11-10 13:26:01 7660 [Note] Shutting down plugin 'INNODB_BUFFER_POOL_STATS'
2018-11-10 13:26:01 7660 [Note] Shutting down plugin 'INNODB_BUFFER_PAGE_LRU'
2018-11-10 13:26:01 7660 [Note] Shutting down plugin 'INNODB_BUFFER_PAGE'
2018-11-10 13:26:01 7660 [Note] Shutting down plugin 'INNODB_CMP_PER_INDEX_RESET'
2018-11-10 13:26:01 7660 [Note] Shutting down plugin 'INNODB_CMP_PER_INDEX'
2018-11-10 13:26:01 7660 [Note] Shutting down plugin 'INNODB_CMPMEM_RESET'
2018-11-10 13:26:01 7660 [Note] Shutting down plugin 'INNODB_CMPMEM'
2018-11-10 13:26:01 7660 [Note] Shutting down plugin 'INNODB_CMP_RESET'
2018-11-10 13:26:01 7660 [Note] Shutting down plugin 'INNODB_CMP'
2018-11-10 13:26:01 7660 [Note] Shutting down plugin 'INNODB_LOCK_WAITS'
2018-11-10 13:26:01 7660 [Note] Shutting down plugin 'INNODB_LOCKS'
2018-11-10 13:26:01 7660 [Note] Shutting down plugin 'INNODB_TRX'
2018-11-10 13:26:01 7660 [Note] Shutting down plugin 'InnoDB'
2018-11-10 13:26:01 7660 [Note] InnoDB: FTS optimize thread exiting.
2018-11-10 13:26:01 7660 [Note] InnoDB: Starting shutdown...
2018-11-10 13:26:02 7660 [Note] InnoDB: Shutdown completed; log sequence number 1771242
2018-11-10 13:26:02 7660 [Note] Shutting down plugin 'BLACKHOLE'
2018-11-10 13:26:02 7660 [Note] Shutting down plugin 'ARCHIVE'
2018-11-10 13:26:02 7660 [Note] Shutting down plugin 'MRG_MYISAM'
2018-11-10 13:26:02 7660 [Note] Shutting down plugin 'MyISAM'
2018-11-10 13:26:02 7660 [Note] Shutting down plugin 'MEMORY'
2018-11-10 13:26:02 7660 [Note] Shutting down plugin 'CSV'
2018-11-10 13:26:02 7660 [Note] Shutting down plugin 'sha256_password'
2018-11-10 13:26:02 7660 [Note] Shutting down plugin 'mysql_old_password'
2018-11-10 13:26:02 7660 [Note] Shutting down plugin 'mysql_native_password'
2018-11-10 13:26:02 7660 [Note] Shutting down plugin 'binlog'
2018-11-10 13:26:02 7660 [Note] D:\Themis\JUDGER\core\mysql\bin\mysqld_z.exe: Shutdown complete

